2024-07-15 16:23:40,675 MainThread [INFO] my_logger: Clear queue before step is ON
2024-07-15 16:23:40,676 MainThread [INFO] my_logger: Total iteration is 200
2024-07-15 16:23:41,995 MainThread [DEBUG] tensorflow: Falling back to TensorFlow client; we recommended you install the Cloud TPU client directly with pip install cloud-tpu-client.
2024-07-15 16:23:42,232 MainThread [DEBUG] h5py._conv: Creating converter from 7 to 5
2024-07-15 16:23:42,233 MainThread [DEBUG] h5py._conv: Creating converter from 5 to 7
2024-07-15 16:23:42,233 MainThread [DEBUG] h5py._conv: Creating converter from 7 to 5
2024-07-15 16:23:42,234 MainThread [DEBUG] h5py._conv: Creating converter from 5 to 7
2024-07-15 16:23:42,946 MainThread [DEBUG] matplotlib: matplotlib data path: /usr/local/lib/python3.10/site-packages/matplotlib/mpl-data
2024-07-15 16:23:42,953 MainThread [DEBUG] matplotlib: CONFIGDIR=/root/.config/matplotlib
2024-07-15 16:23:42,955 MainThread [DEBUG] matplotlib: interactive is False
2024-07-15 16:23:42,957 MainThread [DEBUG] matplotlib: platform is linux
2024-07-15 16:23:43,013 MainThread [DEBUG] matplotlib: CACHEDIR=/root/.cache/matplotlib
2024-07-15 16:23:43,015 MainThread [DEBUG] matplotlib.font_manager: Using fontManager instance from /root/.cache/matplotlib/fontlist-v390.json
2024-07-15 16:23:43,318 MainThread [INFO] my_logger: Create environment. 
Generator setting 
{
    "TF1": {
        "num_thread": 2,
        "packet_size": 512,
        "rate": 5,
        "price": 10,
        "qos_latency_ms": 4
    },
    "TF2": {
        "num_thread": 2,
        "packet_size": 1024,
        "rate": 6,
        "price": 10,
        "qos_latency_ms": 10
    },
    "TF3": {
        "num_thread": 5,
        "packet_size": 1500,
        "rate": 15,
        "price": 30,
        "qos_latency_ms": 20
    }
}. 
Processor setting 
{
    "NR": {
        "num_thread": 2,
        "limit": 500,
        "rate": 200,
        "revenue_factor": 0.9
    },
    "WF": {
        "num_thread": 2,
        "limit": 500,
        "rate": 100,
        "revenue_factor": 0.1
    }
}
2024-07-15 16:23:43,330 Thread-1 (packet_processor) [INFO] my_logger: Processor NR 200 mbps
2024-07-15 16:23:43,332 Thread-2 (packet_processor) [INFO] my_logger: Processor NR 200 mbps
2024-07-15 16:23:43,332 Thread-3 (packet_processor) [INFO] my_logger: Processor WF 100 mbps
2024-07-15 16:23:43,332 Thread-4 (packet_processor) [INFO] my_logger: Processor WF 100 mbps
2024-07-15 16:23:43,336 MainThread [INFO] my_logger: Shape of State Space ->  (3, 5)
2024-07-15 16:23:43,337 MainThread [INFO] my_logger: Shape of Action Space ->  (3,)
2024-07-15 16:23:43,337 MainThread [INFO] my_logger: Max Value of Action ->  1.0
2024-07-15 16:23:43,337 MainThread [INFO] my_logger: Min Value of Action ->  0.0
2024-07-15 16:23:43,338 MainThread [INFO] my_logger: Close env. Stop all thread
2024-07-15 16:23:43,432 Thread-1 (packet_processor) [INFO] my_logger: Processor finish NR
2024-07-15 16:23:43,433 Thread-2 (packet_processor) [INFO] my_logger: Processor finish NR
2024-07-15 16:23:43,433 Thread-6 (packet_generator) [INFO] my_logger: Generator finish TF1
2024-07-15 16:23:43,435 Thread-7 (packet_generator) [INFO] my_logger: Generator finish TF2
2024-07-15 16:23:43,434 Thread-5 (packet_generator) [INFO] my_logger: Generator finish TF1
2024-07-15 16:23:43,436 Thread-4 (packet_processor) [INFO] my_logger: Processor finish WF
2024-07-15 16:23:43,436 Thread-8 (packet_generator) [INFO] my_logger: Generator finish TF2
2024-07-15 16:23:43,436 Thread-10 (packet_generator) [INFO] my_logger: Generator finish TF3
2024-07-15 16:23:43,436 Thread-11 (packet_generator) [INFO] my_logger: Generator finish TF3
2024-07-15 16:23:43,436 Thread-12 (packet_generator) [INFO] my_logger: Generator finish TF3
2024-07-15 16:23:43,436 Thread-9 (packet_generator) [INFO] my_logger: Generator finish TF3
2024-07-15 16:23:43,437 Thread-13 (packet_generator) [INFO] my_logger: Generator finish TF3
2024-07-15 16:23:43,437 Thread-3 (packet_processor) [INFO] my_logger: Processor finish WF
2024-07-15 16:23:43,437 Thread-14 (print_stat) [INFO] my_logger: Finish monitor
2024-07-15 16:23:43,639 MainThread [INFO] my_logger: Folders in directory ./setting: ['episode_1', 'episode_2', 'episode_3', 'episode_4']
2024-07-15 16:23:43,650 MainThread [INFO] my_logger: Create environment. 
Generator setting 
{
    "Browser": {
        "num_thread": 2,
        "packet_size": 512,
        "price": 10,
        "qos_latency_ms": 4,
        "rate": 5
    },
    "Gaming": {
        "num_thread": 2,
        "packet_size": 1024,
        "price": 10,
        "qos_latency_ms": 10,
        "rate": 6
    },
    "HD_Video": {
        "num_thread": 5,
        "packet_size": 1500,
        "price": 30,
        "qos_latency_ms": 20,
        "rate": 15
    }
}. 
Processor setting 
{
    "WF": {
        "limit": 500,
        "num_thread": 2,
        "rate": 30,
        "revenue_factor": 0.0
    },
    "NR": {
        "limit": 500,
        "num_thread": 2,
        "rate": 50,
        "revenue_factor": 1.0
    }
}
2024-07-15 16:23:43,651 Thread-15 (packet_processor) [INFO] my_logger: Processor WF 30 mbps
2024-07-15 16:23:43,651 Thread-16 (packet_processor) [INFO] my_logger: Processor WF 30 mbps
2024-07-15 16:23:43,652 Thread-17 (packet_processor) [INFO] my_logger: Processor NR 50 mbps
2024-07-15 16:23:43,652 Thread-18 (packet_processor) [INFO] my_logger: Processor NR 50 mbps
2024-07-15 16:23:43,656 MainThread [INFO] my_logger: Reset env
2024-07-15 16:23:43,657 MainThread [INFO] my_logger: Queue WF cleared
2024-07-15 16:23:43,658 MainThread [INFO] my_logger: Queue NR cleared
2024-07-15 16:23:43,658 MainThread [INFO] my_logger: ==================TRAINING EPISODE episode_1==================
2024-07-15 16:23:43,671 MainThread [INFO] my_logger: sampled_actions. tf.Tensor([0. 0. 0.], shape=(3,), dtype=float32). noise [-0.14309859 -0.04458218  0.02113345]
2024-07-15 16:23:43,673 MainThread [INFO] my_logger: state: tf.Tensor(
[[[0. 0. 0. 0. 0.]
  [0. 0. 0. 0. 0.]
  [0. 0. 0. 0. 0.]]], shape=(1, 3, 5), dtype=float64)
2024-07-15 16:23:43,674 MainThread [INFO] my_logger: action: [0.         0.         0.02113345]
2024-07-15 16:23:43,675 MainThread [INFO] my_logger: Queue WF cleared
2024-07-15 16:23:43,675 MainThread [INFO] my_logger: Queue NR cleared
2024-07-15 16:23:45,665 Thread-28 (print_stat) [INFO] my_logger: Browser. total: 333.21 mbps. drop: 0.0 mbps. latency: 297.7 ms. WF: 0.0 mbps. NR: 333.0 mbps
2024-07-15 16:23:45,668 Thread-28 (print_stat) [INFO] my_logger: Gaming. total: 543.54 mbps. drop: 0.0 mbps. latency: 297.67 ms. WF: 0.0 mbps. NR: 543.13 mbps
2024-07-15 16:23:45,670 Thread-28 (print_stat) [INFO] my_logger: HD_Video. total: 2469.0 mbps. drop: 0.0 mbps. latency: 287.55 ms. WF: 55.8 mbps. NR: 2410.8 mbps
2024-07-15 16:23:45,671 Thread-28 (print_stat) [INFO] my_logger: WF. Browser. R: 0.0$. L: 0.0$. T: 0.0 mbps. Gaming. R: 0.0$. L: 0.0$. T: 0.0 mbps. HD_Video. R: 0.52$. L: 0.0$. T: 55.8 mbps|All. R: 0.0$. L: 0.0$. T: 55.8 mbps
2024-07-15 16:23:45,673 Thread-28 (print_stat) [INFO] my_logger: NR. Browser. R: 0.74$. L: 0.0$. T: 237.57 mbps. Gaming. R: 1.21$. L: 0.0$. T: 385.84 mbps. HD_Video. R: 16.12$. L: 0.0$. T: 1719.6 mbps|All. R: 1806.94$. L: 0.0$. T: 2343.01 mbps
2024-07-15 16:23:45,674 Thread-28 (print_stat) [INFO] my_logger: Queue. WF: 0.0. NR: 2.01. 
2024-07-15 16:23:45,675 Thread-28 (print_stat) [INFO] my_logger: ==================================================================================================================================================================================
2024-07-15 16:23:47,686 Thread-28 (print_stat) [INFO] my_logger: Browser. total: 345.29 mbps. drop: 0.0 mbps. latency: 581.29 ms. WF: 0.0 mbps. NR: 345.29 mbps
2024-07-15 16:23:47,689 Thread-28 (print_stat) [INFO] my_logger: Gaming. total: 556.65 mbps. drop: 0.0 mbps. latency: 580.16 ms. WF: 0.0 mbps. NR: 557.06 mbps
2024-07-15 16:23:47,691 Thread-28 (print_stat) [INFO] my_logger: HD_Video. total: 2512.8 mbps. drop: 0.0 mbps. latency: 563.49 ms. WF: 41.4 mbps. NR: 2472.0 mbps
2024-07-15 16:23:47,692 Thread-28 (print_stat) [INFO] my_logger: WF. Browser. R: 0.0$. L: 0.0$. T: 0.0 mbps. Gaming. R: 0.0$. L: 0.0$. T: 0.0 mbps. HD_Video. R: 0.91$. L: 0.0$. T: 41.4 mbps|All. R: 0.0$. L: 0.0$. T: 41.4 mbps
2024-07-15 16:23:47,694 Thread-28 (print_stat) [INFO] my_logger: NR. Browser. R: 1.51$. L: 0.0$. T: 244.12 mbps. Gaming. R: 2.44$. L: 0.0$. T: 395.26 mbps. HD_Video. R: 32.52$. L: 0.0$. T: 1749.6 mbps|All. R: 3647.0$. L: 0.0$. T: 2388.99 mbps
2024-07-15 16:23:47,694 Thread-28 (print_stat) [INFO] my_logger: Queue. WF: 0.0. NR: 4.1. 
2024-07-15 16:23:47,696 Thread-28 (print_stat) [INFO] my_logger: =================================================================================================================================================================================
2024-07-15 16:23:49,713 Thread-28 (print_stat) [INFO] my_logger: Browser. total: 293.27 mbps. drop: 0.0 mbps. latency: 869.12 ms. WF: 0.0 mbps. NR: 293.48 mbps
2024-07-15 16:23:49,715 Thread-28 (print_stat) [INFO] my_logger: Gaming. total: 473.5 mbps. drop: 0.0 mbps. latency: 868.05 ms. WF: 0.0 mbps. NR: 473.5 mbps
2024-07-15 16:23:49,718 Thread-28 (print_stat) [INFO] my_logger: HD_Video. total: 2151.6 mbps. drop: 0.0 mbps. latency: 843.56 ms. WF: 43.8 mbps. NR: 2107.2 mbps
2024-07-15 16:23:49,720 Thread-28 (print_stat) [INFO] my_logger: WF. Browser. R: 0.0$. L: 0.0$. T: 0.0 mbps. Gaming. R: 0.0$. L: 0.0$. T: 0.0 mbps. HD_Video. R: 1.32$. L: 0.0$. T: 43.8 mbps|All. R: 0.0$. L: 0.0$. T: 43.8 mbps
2024-07-15 16:23:49,721 Thread-28 (print_stat) [INFO] my_logger: NR. Browser. R: 2.16$. L: 0.0$. T: 210.53 mbps. Gaming. R: 3.51$. L: 0.0$. T: 341.2 mbps. HD_Video. R: 46.69$. L: 0.0$. T: 1510.8 mbps|All. R: 5236.35$. L: 0.0$. T: 2062.53 mbps
2024-07-15 16:23:49,722 Thread-28 (print_stat) [INFO] my_logger: Queue. WF: 0.0. NR: 5.82. 
2024-07-15 16:23:49,724 Thread-28 (print_stat) [INFO] my_logger: =================================================================================================================================================================================
2024-07-15 16:23:51,733 Thread-28 (print_stat) [INFO] my_logger: Browser. total: 354.3 mbps. drop: 0.0 mbps. latency: 1195.75 ms. WF: 0.0 mbps. NR: 354.3 mbps
2024-07-15 16:23:51,738 Thread-28 (print_stat) [INFO] my_logger: Gaming. total: 570.16 mbps. drop: 0.0 mbps. latency: 1193.21 ms. WF: 0.0 mbps. NR: 569.34 mbps
2024-07-15 16:23:51,741 Thread-28 (print_stat) [INFO] my_logger: HD_Video. total: 2593.8 mbps. drop: 0.0 mbps. latency: 1158.33 ms. WF: 56.4 mbps. NR: 2539.8 mbps
2024-07-15 16:23:51,743 Thread-28 (print_stat) [INFO] my_logger: WF. Browser. R: 0.0$. L: 0.0$. T: 0.0 mbps. Gaming. R: 0.0$. L: 0.0$. T: 0.0 mbps. HD_Video. R: 1.85$. L: 0.0$. T: 56.4 mbps|All. R: 0.0$. L: 0.0$. T: 56.4 mbps
2024-07-15 16:23:51,743 Thread-28 (print_stat) [INFO] my_logger: NR. Browser. R: 2.94$. L: 0.0$. T: 249.45 mbps. Gaming. R: 4.76$. L: 0.0$. T: 401.41 mbps. HD_Video. R: 63.37$. L: 0.0$. T: 1779.6 mbps|All. R: 7107.56$. L: 0.0$. T: 2430.45 mbps
2024-07-15 16:23:51,745 Thread-28 (print_stat) [INFO] my_logger: Queue. WF: 0.0. NR: 8.01. 
2024-07-15 16:23:51,746 Thread-28 (print_stat) [INFO] my_logger: ==================================================================================================================================================================================
2024-07-15 16:23:53,683 MainThread [INFO] my_logger: Finish step. Queue WF: 0.0. NR: 9.7. . Total time: 10.01 s
2024-07-15 16:23:53,686 MainThread [INFO] my_logger: reward components. qos: -97.71 revenue: 0.97 queue: -0.89 cost: 0.02
2024-07-15 16:23:53,686 MainThread [INFO] my_logger: Max rev: 882425.05, real rev: 859812.55, qos_violated: 3, queue_violated: 3, done: False, terminated: True, reward: -0.002745758531041358, retained: 0.97
2024-07-15 16:23:54,038 MainThread [INFO] my_logger: Episode episode_1. Iteration 1. Loss {'critic_loss': 7.53919e-06, 'actor_loss': 0.013763198}. Latency {'Browser': 735.9629235619157, 'Gaming': 734.7736855093192, 'HD_Video': 713.2333268424203}. Revenue: 859812.55$. Reward: -0.002745758531041358. Retained: 0.97
2024-07-15 16:23:54,045 MainThread [INFO] my_logger: sampled_actions. tf.Tensor([-0.7361218  -0.42319912 -0.62795186], shape=(3,), dtype=float32). noise [-0.23954253  0.01689662  0.0951346 ]
2024-07-15 16:23:54,046 MainThread [INFO] my_logger: state: tf.Tensor(
[[[1.83990731e+02 0.00000000e+00 2.35417600e-02 0.00000000e+00
   5.92740000e+00]
  [7.34773686e+01 0.00000000e+00 3.80928000e-02 0.00000000e+00
   5.92740000e+00]
  [3.56616663e+01 8.22500000e-03 1.68990000e-01 0.00000000e+00
   5.92740000e+00]]], shape=(1, 3, 5), dtype=float64)
2024-07-15 16:23:54,047 MainThread [INFO] my_logger: action: [0. 0. 0.]
2024-07-15 16:23:54,048 MainThread [INFO] my_logger: Queue WF cleared
2024-07-15 16:23:54,069 MainThread [INFO] my_logger: Queue NR cleared
2024-07-15 16:23:55,690 Thread-28 (print_stat) [INFO] my_logger: Browser. total: 278.32 mbps. drop: 0.0 mbps. latency: 258.36 ms. WF: 0.0 mbps. NR: 278.32 mbps
2024-07-15 16:23:55,692 Thread-28 (print_stat) [INFO] my_logger: Gaming. total: 447.28 mbps. drop: 0.0 mbps. latency: 257.65 ms. WF: 0.0 mbps. NR: 447.28 mbps
2024-07-15 16:23:55,696 Thread-28 (print_stat) [INFO] my_logger: HD_Video. total: 2056.2 mbps. drop: 0.0 mbps. latency: 257.77 ms. WF: 0.0 mbps. NR: 2055.0 mbps
2024-07-15 16:23:55,698 Thread-28 (print_stat) [INFO] my_logger: WF. Browser. R: 0.0$. L: 0.0$. T: 0.0 mbps. Gaming. R: 0.0$. L: 0.0$. T: 0.0 mbps. HD_Video. R: 0.0$. L: 0.0$. T: 0.0 mbps|All. R: 0.0$. L: 0.0$. T: 0.0 mbps
2024-07-15 16:23:55,700 Thread-28 (print_stat) [INFO] my_logger: NR. Browser. R: 0.59$. L: 0.0$. T: 189.03 mbps. Gaming. R: 0.94$. L: 0.0$. T: 301.06 mbps. HD_Video. R: 13.05$. L: 0.0$. T: 1392.0 mbps|All. R: 1458.15$. L: 0.0$. T: 1882.09 mbps
2024-07-15 16:23:55,701 Thread-28 (print_stat) [INFO] my_logger: Queue. WF: 0.0. NR: 1.91. 
2024-07-15 16:23:55,702 Thread-28 (print_stat) [INFO] my_logger: ==================================================================================================================================================================================
2024-07-15 16:23:57,715 Thread-28 (print_stat) [INFO] my_logger: Browser. total: 355.33 mbps. drop: 0.0 mbps. latency: 573.94 ms. WF: 0.0 mbps. NR: 355.33 mbps
2024-07-15 16:23:57,717 Thread-28 (print_stat) [INFO] my_logger: Gaming. total: 579.58 mbps. drop: 0.0 mbps. latency: 577.39 ms. WF: 0.0 mbps. NR: 579.17 mbps
2024-07-15 16:23:57,718 Thread-28 (print_stat) [INFO] my_logger: HD_Video. total: 2629.2 mbps. drop: 0.0 mbps. latency: 575.84 ms. WF: 0.0 mbps. NR: 2628.0 mbps
2024-07-15 16:23:57,719 Thread-28 (print_stat) [INFO] my_logger: WF. Browser. R: 0.0$. L: 0.0$. T: 0.0 mbps. Gaming. R: 0.0$. L: 0.0$. T: 0.0 mbps. HD_Video. R: 0.0$. L: 0.0$. T: 0.0 mbps|All. R: 0.0$. L: 0.0$. T: 0.0 mbps
2024-07-15 16:23:57,720 Thread-28 (print_stat) [INFO] my_logger: NR. Browser. R: 1.36$. L: 0.0$. T: 247.19 mbps. Gaming. R: 2.2$. L: 0.0$. T: 403.87 mbps. HD_Video. R: 30.24$. L: 0.0$. T: 1833.6 mbps|All. R: 3380.61$. L: 0.0$. T: 2484.66 mbps
2024-07-15 16:23:57,721 Thread-28 (print_stat) [INFO] my_logger: Queue. WF: 0.0. NR: 4.18. 
2024-07-15 16:23:57,721 Thread-28 (print_stat) [INFO] my_logger: =================================================================================================================================================================================
2024-07-15 16:23:59,730 Thread-28 (print_stat) [INFO] my_logger: Browser. total: 364.75 mbps. drop: 0.0 mbps. latency: 880.4 ms. WF: 0.0 mbps. NR: 364.75 mbps
2024-07-15 16:23:59,733 Thread-28 (print_stat) [INFO] my_logger: Gaming. total: 587.37 mbps. drop: 0.0 mbps. latency: 883.95 ms. WF: 0.0 mbps. NR: 587.37 mbps
2024-07-15 16:23:59,734 Thread-28 (print_stat) [INFO] my_logger: HD_Video. total: 2694.6 mbps. drop: 0.0 mbps. latency: 881.3 ms. WF: 0.0 mbps. NR: 2695.2 mbps
2024-07-15 16:23:59,736 Thread-28 (print_stat) [INFO] my_logger: WF. Browser. R: 0.0$. L: 0.0$. T: 0.0 mbps. Gaming. R: 0.0$. L: 0.0$. T: 0.0 mbps. HD_Video. R: 0.0$. L: 0.0$. T: 0.0 mbps|All. R: 0.0$. L: 0.0$. T: 0.0 mbps
2024-07-15 16:23:59,737 Thread-28 (print_stat) [INFO] my_logger: NR. Browser. R: 2.15$. L: 0.0$. T: 252.93 mbps. Gaming. R: 3.49$. L: 0.0$. T: 411.65 mbps. HD_Video. R: 47.75$. L: 0.0$. T: 1867.8 mbps|All. R: 5339.35$. L: 0.0$. T: 2532.38 mbps
2024-07-15 16:23:59,738 Thread-28 (print_stat) [INFO] my_logger: Queue. WF: 0.0. NR: 6.54. 
2024-07-15 16:23:59,739 Thread-28 (print_stat) [INFO] my_logger: ==================================================================================================================================================================================
2024-07-15 16:24:01,749 Thread-28 (print_stat) [INFO] my_logger: Browser. total: 367.82 mbps. drop: 0.0 mbps. latency: 1182.66 ms. WF: 0.0 mbps. NR: 367.62 mbps
2024-07-15 16:24:01,753 Thread-28 (print_stat) [INFO] my_logger: Gaming. total: 588.19 mbps. drop: 0.0 mbps. latency: 1183.59 ms. WF: 0.0 mbps. NR: 588.19 mbps
2024-07-15 16:24:01,755 Thread-28 (print_stat) [INFO] my_logger: HD_Video. total: 2707.2 mbps. drop: 0.0 mbps. latency: 1184.51 ms. WF: 0.0 mbps. NR: 2706.6 mbps
2024-07-15 16:24:01,756 Thread-28 (print_stat) [INFO] my_logger: WF. Browser. R: 0.0$. L: 0.0$. T: 0.0 mbps. Gaming. R: 0.0$. L: 0.0$. T: 0.0 mbps. HD_Video. R: 0.0$. L: 0.0$. T: 0.0 mbps|All. R: 0.0$. L: 0.0$. T: 0.0 mbps
2024-07-15 16:24:01,757 Thread-28 (print_stat) [INFO] my_logger: NR. Browser. R: 2.94$. L: 0.0$. T: 250.47 mbps. Gaming. R: 4.75$. L: 0.0$. T: 402.64 mbps. HD_Video. R: 65.17$. L: 0.0$. T: 1858.2 mbps|All. R: 7285.51$. L: 0.0$. T: 2511.31 mbps
2024-07-15 16:24:01,758 Thread-28 (print_stat) [INFO] my_logger: Queue. WF: 0.0. NR: 8.98. 
2024-07-15 16:24:01,760 Thread-28 (print_stat) [INFO] my_logger: ==================================================================================================================================================================================
2024-07-15 16:24:03,769 Thread-28 (print_stat) [INFO] my_logger: Browser. total: 346.52 mbps. drop: 0.0 mbps. latency: 1486.27 ms. WF: 0.0 mbps. NR: 346.73 mbps
2024-07-15 16:24:03,772 Thread-28 (print_stat) [INFO] my_logger: Gaming. total: 566.48 mbps. drop: 0.0 mbps. latency: 1483.92 ms. WF: 0.0 mbps. NR: 567.3 mbps
2024-07-15 16:24:03,777 Thread-28 (print_stat) [INFO] my_logger: HD_Video. total: 2566.2 mbps. drop: 0.0 mbps. latency: 1485.08 ms. WF: 0.0 mbps. NR: 2569.2 mbps
2024-07-15 16:24:03,778 Thread-28 (print_stat) [INFO] my_logger: WF. Browser. R: 0.0$. L: 0.0$. T: 0.0 mbps. Gaming. R: 0.0$. L: 0.0$. T: 0.0 mbps. HD_Video. R: 0.0$. L: 0.0$. T: 0.0 mbps|All. R: 0.0$. L: 0.0$. T: 0.0 mbps
2024-07-15 16:24:03,780 Thread-28 (print_stat) [INFO] my_logger: NR. Browser. R: 3.7$. L: 0.0$. T: 245.76 mbps. Gaming. R: 5.98$. L: 0.0$. T: 394.04 mbps. HD_Video. R: 82.04$. L: 0.0$. T: 1799.4 mbps|All. R: 9172.38$. L: 0.0$. T: 2439.2 mbps
2024-07-15 16:24:03,781 Thread-28 (print_stat) [INFO] my_logger: Queue. WF: 0.0. NR: 11.18. 
2024-07-15 16:24:03,782 Thread-28 (print_stat) [INFO] my_logger: ================================================================================================================================================================================
2024-07-15 16:24:04,075 MainThread [INFO] my_logger: Finish step. Queue WF: 0.0. NR: 11.42. . Total time: 10.01 s
2024-07-15 16:24:04,077 MainThread [INFO] my_logger: reward components. qos: -116.89 revenue: 1.0 queue: -1.11 cost: 0.0
2024-07-15 16:24:04,078 MainThread [INFO] my_logger: Max rev: 942531.0, real rev: 942531.0, qos_violated: 3, queue_violated: 3, done: False, terminated: True, reward: -0.16885430229501242, retained: 1.0
2024-07-15 16:24:04,316 MainThread [INFO] my_logger: Episode episode_1. Iteration 2. Loss {'critic_loss': 0.015864953, 'actor_loss': 0.02440551}. Latency {'Browser': 876.3254810796823, 'Gaming': 877.2990327544242, 'HD_Video': 876.9003428628148}. Revenue: 942531.0$. Reward: -0.16885430229501242. Retained: 1.0
2024-07-15 16:24:04,323 MainThread [INFO] my_logger: sampled_actions. tf.Tensor([-0.64879006 -0.30574915 -0.5328355 ], shape=(3,), dtype=float32). noise [-0.40987289  0.03312299  0.45543648]
2024-07-15 16:24:04,324 MainThread [INFO] my_logger: state: tf.Tensor(
[[[2.19081370e+02 0.00000000e+00 2.37076480e-02 0.00000000e+00
   7.36750000e+00]
  [8.77299033e+01 0.00000000e+00 3.82648320e-02 0.00000000e+00
   7.36750000e+00]
  [4.38450171e+01 0.00000000e+00 1.75020000e-01 0.00000000e+00
   7.36750000e+00]]], shape=(1, 3, 5), dtype=float64)
2024-07-15 16:24:04,325 MainThread [INFO] my_logger: action: [0. 0. 0.]
2024-07-15 16:24:04,325 MainThread [INFO] my_logger: Queue WF cleared
2024-07-15 16:24:04,349 MainThread [INFO] my_logger: Queue NR cleared
2024-07-15 16:24:06,094 Thread-28 (print_stat) [INFO] my_logger: Browser. total: 309.04 mbps. drop: 0.0 mbps. latency: 260.62 ms. WF: 0.0 mbps. NR: 309.04 mbps
2024-07-15 16:24:06,094 Thread-28 (print_stat) [INFO] my_logger: Gaming. total: 500.53 mbps. drop: 0.0 mbps. latency: 261.26 ms. WF: 0.0 mbps. NR: 500.53 mbps
2024-07-15 16:24:06,097 Thread-28 (print_stat) [INFO] my_logger: HD_Video. total: 2298.6 mbps. drop: 0.0 mbps. latency: 264.85 ms. WF: 0.0 mbps. NR: 2298.0 mbps
2024-07-15 16:24:06,098 Thread-28 (print_stat) [INFO] my_logger: WF. Browser. R: 0.0$. L: 0.0$. T: 0.0 mbps. Gaming. R: 0.0$. L: 0.0$. T: 0.0 mbps. HD_Video. R: 0.0$. L: 0.0$. T: 0.0 mbps|All. R: 0.0$. L: 0.0$. T: 0.0 mbps
2024-07-15 16:24:06,099 Thread-28 (print_stat) [INFO] my_logger: NR. Browser. R: 0.67$. L: 0.0$. T: 214.22 mbps. Gaming. R: 1.08$. L: 0.0$. T: 346.93 mbps. HD_Video. R: 14.94$. L: 0.0$. T: 1593.6 mbps|All. R: 1669.42$. L: 0.0$. T: 2154.75 mbps
2024-07-15 16:24:06,101 Thread-28 (print_stat) [INFO] my_logger: Queue. WF: 0.0. NR: 2.02. 
2024-07-15 16:24:06,102 Thread-28 (print_stat) [INFO] my_logger: ==================================================================================================================================================================================
2024-07-15 16:24:08,109 Thread-28 (print_stat) [INFO] my_logger: Browser. total: 362.7 mbps. drop: 0.0 mbps. latency: 571.95 ms. WF: 0.0 mbps. NR: 362.5 mbps
2024-07-15 16:24:08,111 Thread-28 (print_stat) [INFO] my_logger: Gaming. total: 582.04 mbps. drop: 0.0 mbps. latency: 572.81 ms. WF: 0.0 mbps. NR: 582.04 mbps
2024-07-15 16:24:08,115 Thread-28 (print_stat) [INFO] my_logger: HD_Video. total: 2681.4 mbps. drop: 0.0 mbps. latency: 575.61 ms. WF: 0.0 mbps. NR: 2680.2 mbps
2024-07-15 16:24:08,118 Thread-28 (print_stat) [INFO] my_logger: WF. Browser. R: 0.0$. L: 0.0$. T: 0.0 mbps. Gaming. R: 0.0$. L: 0.0$. T: 0.0 mbps. HD_Video. R: 0.0$. L: 0.0$. T: 0.0 mbps|All. R: 0.0$. L: 0.0$. T: 0.0 mbps
2024-07-15 16:24:08,119 Thread-28 (print_stat) [INFO] my_logger: NR. Browser. R: 1.45$. L: 0.0$. T: 249.04 mbps. Gaming. R: 2.34$. L: 0.0$. T: 403.05 mbps. HD_Video. R: 32.28$. L: 0.0$. T: 1848.6 mbps|All. R: 3606.76$. L: 0.0$. T: 2500.68 mbps
2024-07-15 16:24:08,120 Thread-28 (print_stat) [INFO] my_logger: Queue. WF: 0.0. NR: 4.4. 
2024-07-15 16:24:08,121 Thread-28 (print_stat) [INFO] my_logger: ==================================================================================================================================================================================
2024-07-15 16:24:10,131 Thread-28 (print_stat) [INFO] my_logger: Browser. total: 362.91 mbps. drop: 0.0 mbps. latency: 890.34 ms. WF: 0.0 mbps. NR: 363.11 mbps
2024-07-15 16:24:10,135 Thread-28 (print_stat) [INFO] my_logger: Gaming. total: 592.28 mbps. drop: 0.0 mbps. latency: 888.7 ms. WF: 0.0 mbps. NR: 591.46 mbps
2024-07-15 16:24:10,136 Thread-28 (print_stat) [INFO] my_logger: HD_Video. total: 2724.6 mbps. drop: 0.0 mbps. latency: 891.32 ms. WF: 0.0 mbps. NR: 2724.6 mbps
2024-07-15 16:24:10,139 Thread-28 (print_stat) [INFO] my_logger: WF. Browser. R: 0.0$. L: 0.0$. T: 0.0 mbps. Gaming. R: 0.0$. L: 0.0$. T: 0.0 mbps. HD_Video. R: 0.0$. L: 0.0$. T: 0.0 mbps|All. R: 0.0$. L: 0.0$. T: 0.0 mbps
2024-07-15 16:24:10,139 Thread-28 (print_stat) [INFO] my_logger: NR. Browser. R: 2.24$. L: 0.0$. T: 253.13 mbps. Gaming. R: 3.61$. L: 0.0$. T: 405.5 mbps. HD_Video. R: 49.79$. L: 0.0$. T: 1869.0 mbps|All. R: 5564.21$. L: 0.0$. T: 2527.64 mbps
2024-07-15 16:24:10,141 Thread-28 (print_stat) [INFO] my_logger: Queue. WF: 0.0. NR: 6.81. 
2024-07-15 16:24:10,142 Thread-28 (print_stat) [INFO] my_logger: =================================================================================================================================================================================
2024-07-15 16:24:12,150 Thread-28 (print_stat) [INFO] my_logger: Browser. total: 355.53 mbps. drop: 0.0 mbps. latency: 1197.21 ms. WF: 0.0 mbps. NR: 355.53 mbps
2024-07-15 16:24:12,153 Thread-28 (print_stat) [INFO] my_logger: Gaming. total: 579.99 mbps. drop: 0.0 mbps. latency: 1200.07 ms. WF: 0.0 mbps. NR: 580.81 mbps
2024-07-15 16:24:12,156 Thread-28 (print_stat) [INFO] my_logger: HD_Video. total: 2640.6 mbps. drop: 0.0 mbps. latency: 1203.71 ms. WF: 0.0 mbps. NR: 2640.6 mbps
2024-07-15 16:24:12,157 Thread-28 (print_stat) [INFO] my_logger: WF. Browser. R: 0.0$. L: 0.0$. T: 0.0 mbps. Gaming. R: 0.0$. L: 0.0$. T: 0.0 mbps. HD_Video. R: 0.0$. L: 0.0$. T: 0.0 mbps|All. R: 0.0$. L: 0.0$. T: 0.0 mbps
2024-07-15 16:24:12,159 Thread-28 (print_stat) [INFO] my_logger: NR. Browser. R: 3.0$. L: 0.0$. T: 242.89 mbps. Gaming. R: 4.86$. L: 0.0$. T: 398.13 mbps. HD_Video. R: 67.07$. L: 0.0$. T: 1842.6 mbps|All. R: 7491.97$. L: 0.0$. T: 2483.62 mbps
2024-07-15 16:24:12,160 Thread-28 (print_stat) [INFO] my_logger: Queue. WF: 0.0. NR: 9.14. 
2024-07-15 16:24:12,161 Thread-28 (print_stat) [INFO] my_logger: =================================================================================================================================================================================
2024-07-15 16:24:14,171 Thread-28 (print_stat) [INFO] my_logger: Browser. total: 365.16 mbps. drop: 0.0 mbps. latency: 1517.92 ms. WF: 0.0 mbps. NR: 364.95 mbps
2024-07-15 16:24:14,173 Thread-28 (print_stat) [INFO] my_logger: Gaming. total: 591.05 mbps. drop: 0.0 mbps. latency: 1520.34 ms. WF: 0.0 mbps. NR: 590.64 mbps
2024-07-15 16:24:14,175 Thread-28 (print_stat) [INFO] my_logger: HD_Video. total: 2674.8 mbps. drop: 0.0 mbps. latency: 1519.14 ms. WF: 0.0 mbps. NR: 2675.4 mbps
2024-07-15 16:24:14,177 Thread-28 (print_stat) [INFO] my_logger: WF. Browser. R: 0.0$. L: 0.0$. T: 0.0 mbps. Gaming. R: 0.0$. L: 0.0$. T: 0.0 mbps. HD_Video. R: 0.0$. L: 0.0$. T: 0.0 mbps|All. R: 0.0$. L: 0.0$. T: 0.0 mbps
2024-07-15 16:24:14,179 Thread-28 (print_stat) [INFO] my_logger: NR. Browser. R: 3.8$. L: 0.0$. T: 257.23 mbps. Gaming. R: 6.16$. L: 0.0$. T: 416.15 mbps. HD_Video. R: 84.75$. L: 0.0$. T: 1885.8 mbps|All. R: 9470.47$. L: 0.0$. T: 2559.18 mbps
2024-07-15 16:24:14,180 Thread-28 (print_stat) [INFO] my_logger: Queue. WF: 0.0. NR: 11.4. 
2024-07-15 16:24:14,180 Thread-28 (print_stat) [INFO] my_logger: =================================================================================================================================================================================
2024-07-15 16:24:14,356 MainThread [INFO] my_logger: Finish step. Queue WF: 0.0. NR: 11.58. . Total time: 10.01 s
2024-07-15 16:24:14,360 MainThread [INFO] my_logger: reward components. qos: -118.44 revenue: 1.0 queue: -1.13 cost: 0.0
2024-07-15 16:24:14,360 MainThread [INFO] my_logger: Max rev: 960047.0499999999, real rev: 960047.05, qos_violated: 3, queue_violated: 3, done: False, terminated: True, reward: -0.18437073150204975, retained: 1.0
2024-07-15 16:24:14,588 MainThread [INFO] my_logger: Episode episode_1. Iteration 3. Loss {'critic_loss': 3.037158, 'actor_loss': 0.03637004}. Latency {'Browser': 887.605410224414, 'Gaming': 888.6354861146463, 'HD_Video': 890.9263656609386}. Revenue: 960047.05$. Reward: -0.18437073150204975. Retained: 1.0
2024-07-15 16:24:14,594 MainThread [INFO] my_logger: sampled_actions. tf.Tensor([-0.65339994 -0.24706216 -0.595     ], shape=(3,), dtype=float32). noise [-0.41190028  0.17802369  0.66463338]
2024-07-15 16:24:14,596 MainThread [INFO] my_logger: state: tf.Tensor(
[[[2.21901353e+02 0.00000000e+00 2.43302400e-02 0.00000000e+00
   7.55750000e+00]
  [8.88635486e+01 0.00000000e+00 3.93953280e-02 0.00000000e+00
   7.55750000e+00]
  [4.45463183e+01 0.00000000e+00 1.80792000e-01 0.00000000e+00
   7.55750000e+00]]], shape=(1, 3, 5), dtype=float64)
2024-07-15 16:24:14,598 MainThread [INFO] my_logger: action: [0.         0.         0.06963336]
2024-07-15 16:24:14,600 MainThread [INFO] my_logger: Queue WF cleared
2024-07-15 16:24:14,624 MainThread [INFO] my_logger: Queue NR cleared
2024-07-15 16:24:16,388 Thread-28 (print_stat) [INFO] my_logger: Browser. total: 293.48 mbps. drop: 0.0 mbps. latency: 225.54 ms. WF: 0.0 mbps. NR: 293.48 mbps
2024-07-15 16:24:16,391 Thread-28 (print_stat) [INFO] my_logger: Gaming. total: 478.82 mbps. drop: 0.0 mbps. latency: 225.55 ms. WF: 0.0 mbps. NR: 478.82 mbps
2024-07-15 16:24:16,392 Thread-28 (print_stat) [INFO] my_logger: HD_Video. total: 2159.4 mbps. drop: 0.0 mbps. latency: 208.32 ms. WF: 133.2 mbps. NR: 2023.8 mbps
2024-07-15 16:24:16,393 Thread-28 (print_stat) [INFO] my_logger: WF. Browser. R: 0.0$. L: 0.0$. T: 0.0 mbps. Gaming. R: 0.0$. L: 0.0$. T: 0.0 mbps. HD_Video. R: 1.25$. L: 0.0$. T: 133.2 mbps|All. R: 0.0$. L: 0.0$. T: 133.2 mbps
2024-07-15 16:24:16,394 Thread-28 (print_stat) [INFO] my_logger: NR. Browser. R: 0.68$. L: 0.0$. T: 217.5 mbps. Gaming. R: 1.11$. L: 0.0$. T: 354.71 mbps. HD_Video. R: 14.07$. L: 0.0$. T: 1501.2 mbps|All. R: 1586.19$. L: 0.0$. T: 2073.41 mbps
2024-07-15 16:24:16,395 Thread-28 (print_stat) [INFO] my_logger: Queue. WF: 0.0. NR: 1.55. 
2024-07-15 16:24:16,396 Thread-28 (print_stat) [INFO] my_logger: =================================================================================================================================================================================
2024-07-15 16:24:18,404 Thread-28 (print_stat) [INFO] my_logger: Browser. total: 343.04 mbps. drop: 0.0 mbps. latency: 485.54 ms. WF: 0.0 mbps. NR: 342.63 mbps
2024-07-15 16:24:18,405 Thread-28 (print_stat) [INFO] my_logger: Gaming. total: 557.47 mbps. drop: 0.0 mbps. latency: 484.43 ms. WF: 0.0 mbps. NR: 556.65 mbps
2024-07-15 16:24:18,408 Thread-28 (print_stat) [INFO] my_logger: HD_Video. total: 2512.8 mbps. drop: 0.0 mbps. latency: 440.97 ms. WF: 190.2 mbps. NR: 2322.0 mbps
2024-07-15 16:24:18,409 Thread-28 (print_stat) [INFO] my_logger: WF. Browser. R: 0.0$. L: 0.0$. T: 0.0 mbps. Gaming. R: 0.0$. L: 0.0$. T: 0.0 mbps. HD_Video. R: 3.03$. L: 0.0$. T: 190.2 mbps|All. R: 0.0$. L: 0.0$. T: 190.2 mbps
2024-07-15 16:24:18,410 Thread-28 (print_stat) [INFO] my_logger: NR. Browser. R: 1.48$. L: 0.0$. T: 254.57 mbps. Gaming. R: 2.4$. L: 0.0$. T: 413.7 mbps. HD_Video. R: 30.39$. L: 0.0$. T: 1740.0 mbps|All. R: 3426.27$. L: 0.0$. T: 2408.26 mbps
2024-07-15 16:24:18,411 Thread-28 (print_stat) [INFO] my_logger: Queue. WF: 0.0. NR: 3.3. 
2024-07-15 16:24:18,413 Thread-28 (print_stat) [INFO] my_logger: ================================================================================================================================================================================
2024-07-15 16:24:20,422 Thread-28 (print_stat) [INFO] my_logger: Browser. total: 346.73 mbps. drop: 0.0 mbps. latency: 744.86 ms. WF: 0.0 mbps. NR: 346.73 mbps
2024-07-15 16:24:20,425 Thread-28 (print_stat) [INFO] my_logger: Gaming. total: 562.38 mbps. drop: 0.0 mbps. latency: 745.0 ms. WF: 0.0 mbps. NR: 562.79 mbps
2024-07-15 16:24:20,427 Thread-28 (print_stat) [INFO] my_logger: HD_Video. total: 2542.8 mbps. drop: 0.0 mbps. latency: 674.43 ms. WF: 184.8 mbps. NR: 2358.6 mbps
2024-07-15 16:24:20,428 Thread-28 (print_stat) [INFO] my_logger: WF. Browser. R: 0.0$. L: 0.0$. T: 0.0 mbps. Gaming. R: 0.0$. L: 0.0$. T: 0.0 mbps. HD_Video. R: 4.76$. L: 0.0$. T: 184.8 mbps|All. R: 0.0$. L: 0.0$. T: 184.8 mbps
2024-07-15 16:24:20,429 Thread-28 (print_stat) [INFO] my_logger: NR. Browser. R: 2.28$. L: 0.0$. T: 257.02 mbps. Gaming. R: 3.71$. L: 0.0$. T: 419.02 mbps. HD_Video. R: 46.74$. L: 0.0$. T: 1743.6 mbps|All. R: 5272.72$. L: 0.0$. T: 2419.64 mbps
2024-07-15 16:24:20,431 Thread-28 (print_stat) [INFO] my_logger: Queue. WF: 0.0. NR: 5.12. 
2024-07-15 16:24:20,432 Thread-28 (print_stat) [INFO] my_logger: ==================================================================================================================================================================================
2024-07-15 16:24:22,444 Thread-28 (print_stat) [INFO] my_logger: Browser. total: 345.7 mbps. drop: 0.0 mbps. latency: 1006.71 ms. WF: 0.0 mbps. NR: 346.11 mbps
2024-07-15 16:24:22,447 Thread-28 (print_stat) [INFO] my_logger: Gaming. total: 565.25 mbps. drop: 0.0 mbps. latency: 1005.8 ms. WF: 0.0 mbps. NR: 565.66 mbps
2024-07-15 16:24:22,451 Thread-28 (print_stat) [INFO] my_logger: HD_Video. total: 2545.8 mbps. drop: 0.0 mbps. latency: 911.49 ms. WF: 173.4 mbps. NR: 2372.4 mbps
2024-07-15 16:24:22,453 Thread-28 (print_stat) [INFO] my_logger: WF. Browser. R: 0.0$. L: 0.0$. T: 0.0 mbps. Gaming. R: 0.0$. L: 0.0$. T: 0.0 mbps. HD_Video. R: 6.39$. L: 0.0$. T: 173.4 mbps|All. R: 0.0$. L: 0.0$. T: 173.4 mbps
2024-07-15 16:24:22,454 Thread-28 (print_stat) [INFO] my_logger: NR. Browser. R: 3.09$. L: 0.0$. T: 258.66 mbps. Gaming. R: 5.02$. L: 0.0$. T: 418.61 mbps. HD_Video. R: 63.14$. L: 0.0$. T: 1750.2 mbps|All. R: 7124.69$. L: 0.0$. T: 2427.47 mbps
2024-07-15 16:24:22,455 Thread-28 (print_stat) [INFO] my_logger: Queue. WF: 0.0. NR: 6.94. 
2024-07-15 16:24:22,456 Thread-28 (print_stat) [INFO] my_logger: ==================================================================================================================================================================================
2024-07-15 16:24:24,464 Thread-28 (print_stat) [INFO] my_logger: Browser. total: 341.81 mbps. drop: 0.0 mbps. latency: 1264.87 ms. WF: 0.0 mbps. NR: 342.02 mbps
2024-07-15 16:24:24,467 Thread-28 (print_stat) [INFO] my_logger: Gaming. total: 559.1 mbps. drop: 0.0 mbps. latency: 1265.02 ms. WF: 0.0 mbps. NR: 559.1 mbps
2024-07-15 16:24:24,471 Thread-28 (print_stat) [INFO] my_logger: HD_Video. total: 2513.4 mbps. drop: 0.0 mbps. latency: 1148.47 ms. WF: 180.6 mbps. NR: 2333.4 mbps
2024-07-15 16:24:24,472 Thread-28 (print_stat) [INFO] my_logger: WF. Browser. R: 0.0$. L: 0.0$. T: 0.0 mbps. Gaming. R: 0.0$. L: 0.0$. T: 0.0 mbps. HD_Video. R: 8.08$. L: 0.0$. T: 180.6 mbps|All. R: 0.0$. L: 0.0$. T: 180.6 mbps
2024-07-15 16:24:24,473 Thread-28 (print_stat) [INFO] my_logger: NR. Browser. R: 3.89$. L: 0.0$. T: 258.05 mbps. Gaming. R: 6.33$. L: 0.0$. T: 421.07 mbps. HD_Video. R: 79.81$. L: 0.0$. T: 1777.8 mbps|All. R: 9003.53$. L: 0.0$. T: 2456.92 mbps
2024-07-15 16:24:24,474 Thread-28 (print_stat) [INFO] my_logger: Queue. WF: 0.0. NR: 8.61. 
2024-07-15 16:24:24,475 Thread-28 (print_stat) [INFO] my_logger: ==================================================================================================================================================================================
2024-07-15 16:24:24,632 MainThread [INFO] my_logger: Finish step. Queue WF: 0.0. NR: 8.75. . Total time: 10.01 s
2024-07-15 16:24:24,635 MainThread [INFO] my_logger: reward components. qos: -98.24 revenue: 0.92 queue: -0.86 cost: 0.07
2024-07-15 16:24:24,636 MainThread [INFO] my_logger: Max rev: 997118.3, real rev: 914824.55, qos_violated: 3, queue_violated: 3, done: False, terminated: True, reward: -0.06503041438567744, retained: 0.92
2024-07-15 16:24:24,853 MainThread [INFO] my_logger: Episode episode_1. Iteration 4. Loss {'critic_loss': 0.0580723, 'actor_loss': 0.048932858}. Latency {'Browser': 745.5030586647956, 'Gaming': 745.1623501652565, 'HD_Video': 676.735204981457}. Revenue: 914824.55$. Reward: -0.06503041438567744. Retained: 0.92
2024-07-15 16:24:24,859 MainThread [INFO] my_logger: sampled_actions. tf.Tensor([-0.7847541  -0.35695755 -0.8132143 ], shape=(3,), dtype=float32). noise [-0.22562293  0.10574067  0.488161  ]
2024-07-15 16:24:24,861 MainThread [INFO] my_logger: state: tf.Tensor(
[[[1.86375765e+02 0.00000000e+00 2.49159680e-02 0.00000000e+00
   5.70933333e+00]
  [7.45162350e+01 0.00000000e+00 4.05422080e-02 0.00000000e+00
   5.70933333e+00]
  [3.38367602e+01 2.87400000e-02 1.70256000e-01 0.00000000e+00
   5.70933333e+00]]], shape=(1, 3, 5), dtype=float64)
2024-07-15 16:24:24,861 MainThread [INFO] my_logger: action: [0. 0. 0.]
2024-07-15 16:24:24,862 MainThread [INFO] my_logger: Queue WF cleared
2024-07-15 16:24:24,881 MainThread [INFO] my_logger: Queue NR cleared
2024-07-15 16:24:26,691 Thread-28 (print_stat) [INFO] my_logger: Browser. total: 295.73 mbps. drop: 0.0 mbps. latency: 269.29 ms. WF: 0.0 mbps. NR: 295.53 mbps
2024-07-15 16:24:26,694 Thread-28 (print_stat) [INFO] my_logger: Gaming. total: 482.1 mbps. drop: 0.0 mbps. latency: 266.6 ms. WF: 0.0 mbps. NR: 482.1 mbps
2024-07-15 16:24:26,697 Thread-28 (print_stat) [INFO] my_logger: HD_Video. total: 2188.2 mbps. drop: 0.0 mbps. latency: 268.54 ms. WF: 0.0 mbps. NR: 2186.4 mbps
2024-07-15 16:24:26,698 Thread-28 (print_stat) [INFO] my_logger: WF. Browser. R: 0.0$. L: 0.0$. T: 0.0 mbps. Gaming. R: 0.0$. L: 0.0$. T: 0.0 mbps. HD_Video. R: 0.0$. L: 0.0$. T: 0.0 mbps|All. R: 0.0$. L: 0.0$. T: 0.0 mbps
2024-07-15 16:24:26,698 Thread-28 (print_stat) [INFO] my_logger: NR. Browser. R: 0.64$. L: 0.0$. T: 204.19 mbps. Gaming. R: 1.05$. L: 0.0$. T: 334.64 mbps. HD_Video. R: 14.12$. L: 0.0$. T: 1506.6 mbps|All. R: 1580.82$. L: 0.0$. T: 2045.43 mbps
2024-07-15 16:24:26,700 Thread-28 (print_stat) [INFO] my_logger: Queue. WF: 0.0. NR: 1.94. 
2024-07-15 16:24:26,701 Thread-28 (print_stat) [INFO] my_logger: ==================================================================================================================================================================================
2024-07-15 16:24:28,712 Thread-28 (print_stat) [INFO] my_logger: Browser. total: 361.68 mbps. drop: 0.0 mbps. latency: 571.09 ms. WF: 0.0 mbps. NR: 361.88 mbps
2024-07-15 16:24:28,714 Thread-28 (print_stat) [INFO] my_logger: Gaming. total: 586.14 mbps. drop: 0.0 mbps. latency: 569.44 ms. WF: 0.0 mbps. NR: 585.73 mbps
2024-07-15 16:24:28,717 Thread-28 (print_stat) [INFO] my_logger: HD_Video. total: 2676.0 mbps. drop: 0.0 mbps. latency: 572.53 ms. WF: 0.0 mbps. NR: 2676.6 mbps
2024-07-15 16:24:28,717 Thread-28 (print_stat) [INFO] my_logger: WF. Browser. R: 0.0$. L: 0.0$. T: 0.0 mbps. Gaming. R: 0.0$. L: 0.0$. T: 0.0 mbps. HD_Video. R: 0.0$. L: 0.0$. T: 0.0 mbps|All. R: 0.0$. L: 0.0$. T: 0.0 mbps
2024-07-15 16:24:28,719 Thread-28 (print_stat) [INFO] my_logger: NR. Browser. R: 1.42$. L: 0.0$. T: 248.83 mbps. Gaming. R: 2.31$. L: 0.0$. T: 403.46 mbps. HD_Video. R: 31.44$. L: 0.0$. T: 1846.8 mbps|All. R: 3516.04$. L: 0.0$. T: 2499.09 mbps
2024-07-15 16:24:28,720 Thread-28 (print_stat) [INFO] my_logger: Queue. WF: 0.0. NR: 4.32. 
2024-07-15 16:24:28,721 Thread-28 (print_stat) [INFO] my_logger: ==================================================================================================================================================================================
2024-07-15 16:24:30,730 Thread-28 (print_stat) [INFO] my_logger: Browser. total: 369.25 mbps. drop: 0.0 mbps. latency: 878.21 ms. WF: 0.0 mbps. NR: 368.84 mbps
2024-07-15 16:24:30,731 Thread-28 (print_stat) [INFO] my_logger: Gaming. total: 591.46 mbps. drop: 0.0 mbps. latency: 876.16 ms. WF: 0.0 mbps. NR: 591.46 mbps
2024-07-15 16:24:30,734 Thread-28 (print_stat) [INFO] my_logger: HD_Video. total: 2684.4 mbps. drop: 0.0 mbps. latency: 878.69 ms. WF: 0.0 mbps. NR: 2683.8 mbps
2024-07-15 16:24:30,735 Thread-28 (print_stat) [INFO] my_logger: WF. Browser. R: 0.0$. L: 0.0$. T: 0.0 mbps. Gaming. R: 0.0$. L: 0.0$. T: 0.0 mbps. HD_Video. R: 0.0$. L: 0.0$. T: 0.0 mbps|All. R: 0.0$. L: 0.0$. T: 0.0 mbps
2024-07-15 16:24:30,736 Thread-28 (print_stat) [INFO] my_logger: NR. Browser. R: 2.21$. L: 0.0$. T: 254.77 mbps. Gaming. R: 3.59$. L: 0.0$. T: 412.06 mbps. HD_Video. R: 49.04$. L: 0.0$. T: 1877.4 mbps|All. R: 5484.55$. L: 0.0$. T: 2544.23 mbps
2024-07-15 16:24:30,737 Thread-28 (print_stat) [INFO] my_logger: Queue. WF: 0.0. NR: 6.66. 
2024-07-15 16:24:30,738 Thread-28 (print_stat) [INFO] my_logger: ==================================================================================================================================================================================
2024-07-15 16:24:32,748 Thread-28 (print_stat) [INFO] my_logger: Browser. total: 354.1 mbps. drop: 0.0 mbps. latency: 1187.97 ms. WF: 0.0 mbps. NR: 354.1 mbps
2024-07-15 16:24:32,751 Thread-28 (print_stat) [INFO] my_logger: Gaming. total: 580.4 mbps. drop: 0.0 mbps. latency: 1182.55 ms. WF: 0.0 mbps. NR: 579.99 mbps
2024-07-15 16:24:32,753 Thread-28 (print_stat) [INFO] my_logger: HD_Video. total: 2653.8 mbps. drop: 0.0 mbps. latency: 1184.76 ms. WF: 0.0 mbps. NR: 2653.2 mbps
2024-07-15 16:24:32,755 Thread-28 (print_stat) [INFO] my_logger: WF. Browser. R: 0.0$. L: 0.0$. T: 0.0 mbps. Gaming. R: 0.0$. L: 0.0$. T: 0.0 mbps. HD_Video. R: 0.0$. L: 0.0$. T: 0.0 mbps|All. R: 0.0$. L: 0.0$. T: 0.0 mbps
2024-07-15 16:24:32,757 Thread-28 (print_stat) [INFO] my_logger: NR. Browser. R: 3.0$. L: 0.0$. T: 252.52 mbps. Gaming. R: 4.85$. L: 0.0$. T: 402.23 mbps. HD_Video. R: 66.16$. L: 0.0$. T: 1825.8 mbps|All. R: 7400.84$. L: 0.0$. T: 2480.55 mbps
2024-07-15 16:24:32,759 Thread-28 (print_stat) [INFO] my_logger: Queue. WF: 0.0. NR: 8.98. 
2024-07-15 16:24:32,759 Thread-28 (print_stat) [INFO] my_logger: =================================================================================================================================================================================
2024-07-15 16:24:34,767 Thread-28 (print_stat) [INFO] my_logger: Browser. total: 357.79 mbps. drop: 0.0 mbps. latency: 1497.85 ms. WF: 0.0 mbps. NR: 357.79 mbps
2024-07-15 16:24:34,770 Thread-28 (print_stat) [INFO] my_logger: Gaming. total: 574.67 mbps. drop: 0.0 mbps. latency: 1497.25 ms. WF: 0.0 mbps. NR: 575.49 mbps
2024-07-15 16:24:34,772 Thread-28 (print_stat) [INFO] my_logger: HD_Video. total: 2630.4 mbps. drop: 0.0 mbps. latency: 1499.88 ms. WF: 0.0 mbps. NR: 2630.4 mbps
2024-07-15 16:24:34,773 Thread-28 (print_stat) [INFO] my_logger: WF. Browser. R: 0.0$. L: 0.0$. T: 0.0 mbps. Gaming. R: 0.0$. L: 0.0$. T: 0.0 mbps. HD_Video. R: 0.0$. L: 0.0$. T: 0.0 mbps|All. R: 0.0$. L: 0.0$. T: 0.0 mbps
2024-07-15 16:24:34,775 Thread-28 (print_stat) [INFO] my_logger: NR. Browser. R: 3.76$. L: 0.0$. T: 243.71 mbps. Gaming. R: 6.1$. L: 0.0$. T: 399.36 mbps. HD_Video. R: 83.23$. L: 0.0$. T: 1821.0 mbps|All. R: 9308.93$. L: 0.0$. T: 2464.07 mbps
2024-07-15 16:24:34,776 Thread-28 (print_stat) [INFO] my_logger: Queue. WF: 0.0. NR: 11.31. 
2024-07-15 16:24:34,777 Thread-28 (print_stat) [INFO] my_logger: =================================================================================================================================================================================
2024-07-15 16:24:34,890 MainThread [INFO] my_logger: Finish step. Queue WF: 0.0. NR: 11.45. . Total time: 10.01 s
2024-07-15 16:24:34,893 MainThread [INFO] my_logger: reward components. qos: -117.37 revenue: 1.0 queue: -1.12 cost: 0.0
2024-07-15 16:24:34,893 MainThread [INFO] my_logger: Max rev: 941944.6, real rev: 941944.6, qos_violated: 3, queue_violated: 3, done: False, terminated: True, reward: -0.17368291595000884, retained: 1.0
2024-07-15 16:24:35,103 MainThread [INFO] my_logger: Episode episode_1. Iteration 5. Loss {'critic_loss': 2.513529, 'actor_loss': 0.061917126}. Latency {'Browser': 880.8830227391293, 'Gaming': 878.4017228842183, 'HD_Video': 880.8789362359709}. Revenue: 941944.6$. Reward: -0.17368291595000884. Retained: 1.0
2024-07-15 16:24:35,110 MainThread [INFO] my_logger: sampled_actions. tf.Tensor([-0.65847    -0.20035388 -0.7100974 ], shape=(3,), dtype=float32). noise [-0.22990334  0.1585236   0.47659275]
2024-07-15 16:24:35,111 MainThread [INFO] my_logger: state: tf.Tensor(
[[[2.20220756e+02 0.00000000e+00 2.40803840e-02 0.00000000e+00
   7.44233333e+00]
  [8.78401723e+01 0.00000000e+00 3.90348800e-02 0.00000000e+00
   7.44233333e+00]
  [4.40439468e+01 0.00000000e+00 1.77552000e-01 0.00000000e+00
   7.44233333e+00]]], shape=(1, 3, 5), dtype=float64)
2024-07-15 16:24:35,112 MainThread [INFO] my_logger: action: [0. 0. 0.]
2024-07-15 16:24:35,112 MainThread [INFO] my_logger: Queue WF cleared
2024-07-15 16:24:35,138 MainThread [INFO] my_logger: Queue NR cleared
2024-07-15 16:24:36,989 Thread-28 (print_stat) [INFO] my_logger: Browser. total: 302.28 mbps. drop: 0.0 mbps. latency: 274.25 ms. WF: 0.0 mbps. NR: 302.08 mbps
2024-07-15 16:24:36,991 Thread-28 (print_stat) [INFO] my_logger: Gaming. total: 494.8 mbps. drop: 0.0 mbps. latency: 276.98 ms. WF: 0.0 mbps. NR: 494.8 mbps
2024-07-15 16:24:36,993 Thread-28 (print_stat) [INFO] my_logger: HD_Video. total: 2247.0 mbps. drop: 0.0 mbps. latency: 277.09 ms. WF: 0.0 mbps. NR: 2245.8 mbps
2024-07-15 16:24:36,995 Thread-28 (print_stat) [INFO] my_logger: WF. Browser. R: 0.0$. L: 0.0$. T: 0.0 mbps. Gaming. R: 0.0$. L: 0.0$. T: 0.0 mbps. HD_Video. R: 0.0$. L: 0.0$. T: 0.0 mbps|All. R: 0.0$. L: 0.0$. T: 0.0 mbps
2024-07-15 16:24:36,995 Thread-28 (print_stat) [INFO] my_logger: NR. Browser. R: 0.66$. L: 0.0$. T: 211.76 mbps. Gaming. R: 1.09$. L: 0.0$. T: 348.57 mbps. HD_Video. R: 14.71$. L: 0.0$. T: 1569.0 mbps|All. R: 1646.04$. L: 0.0$. T: 2129.33 mbps
2024-07-15 16:24:36,996 Thread-28 (print_stat) [INFO] my_logger: Queue. WF: 0.0. NR: 1.93. 
2024-07-15 16:24:36,997 Thread-28 (print_stat) [INFO] my_logger: ==================================================================================================================================================================================
2024-07-15 16:24:39,007 Thread-28 (print_stat) [INFO] my_logger: Browser. total: 366.59 mbps. drop: 0.0 mbps. latency: 568.6 ms. WF: 0.0 mbps. NR: 366.8 mbps
2024-07-15 16:24:39,009 Thread-28 (print_stat) [INFO] my_logger: Gaming. total: 593.1 mbps. drop: 0.0 mbps. latency: 567.97 ms. WF: 0.0 mbps. NR: 593.1 mbps
2024-07-15 16:24:39,012 Thread-28 (print_stat) [INFO] my_logger: HD_Video. total: 2710.2 mbps. drop: 0.0 mbps. latency: 569.43 ms. WF: 0.0 mbps. NR: 2709.6 mbps
2024-07-15 16:24:39,013 Thread-28 (print_stat) [INFO] my_logger: WF. Browser. R: 0.0$. L: 0.0$. T: 0.0 mbps. Gaming. R: 0.0$. L: 0.0$. T: 0.0 mbps. HD_Video. R: 0.0$. L: 0.0$. T: 0.0 mbps|All. R: 0.0$. L: 0.0$. T: 0.0 mbps
2024-07-15 16:24:39,017 Thread-28 (print_stat) [INFO] my_logger: NR. Browser. R: 1.44$. L: 0.0$. T: 248.83 mbps. Gaming. R: 2.35$. L: 0.0$. T: 403.87 mbps. HD_Video. R: 32.04$. L: 0.0$. T: 1848.6 mbps|All. R: 3583.07$. L: 0.0$. T: 2501.3 mbps
2024-07-15 16:24:39,017 Thread-28 (print_stat) [INFO] my_logger: Queue. WF: 0.0. NR: 4.42. 
2024-07-15 16:24:39,018 Thread-28 (print_stat) [INFO] my_logger: =================================================================================================================================================================================
2024-07-15 16:24:41,027 Thread-28 (print_stat) [INFO] my_logger: Browser. total: 367.62 mbps. drop: 0.0 mbps. latency: 883.7 ms. WF: 0.0 mbps. NR: 367.62 mbps
2024-07-15 16:24:41,029 Thread-28 (print_stat) [INFO] my_logger: Gaming. total: 595.56 mbps. drop: 0.0 mbps. latency: 881.02 ms. WF: 0.0 mbps. NR: 595.15 mbps
2024-07-15 16:24:41,031 Thread-28 (print_stat) [INFO] my_logger: HD_Video. total: 2721.6 mbps. drop: 0.0 mbps. latency: 883.25 ms. WF: 0.0 mbps. NR: 2721.6 mbps
2024-07-15 16:24:41,033 Thread-28 (print_stat) [INFO] my_logger: WF. Browser. R: 0.0$. L: 0.0$. T: 0.0 mbps. Gaming. R: 0.0$. L: 0.0$. T: 0.0 mbps. HD_Video. R: 0.0$. L: 0.0$. T: 0.0 mbps|All. R: 0.0$. L: 0.0$. T: 0.0 mbps
2024-07-15 16:24:41,034 Thread-28 (print_stat) [INFO] my_logger: NR. Browser. R: 2.23$. L: 0.0$. T: 254.16 mbps. Gaming. R: 3.63$. L: 0.0$. T: 409.19 mbps. HD_Video. R: 49.61$. L: 0.0$. T: 1874.4 mbps|All. R: 5547.62$. L: 0.0$. T: 2537.75 mbps
2024-07-15 16:24:41,035 Thread-28 (print_stat) [INFO] my_logger: Queue. WF: 0.0. NR: 6.82. 
2024-07-15 16:24:41,035 Thread-28 (print_stat) [INFO] my_logger: ==================================================================================================================================================================================
2024-07-15 16:24:43,044 Thread-28 (print_stat) [INFO] my_logger: Browser. total: 363.72 mbps. drop: 0.0 mbps. latency: 1196.66 ms. WF: 0.0 mbps. NR: 363.72 mbps
2024-07-15 16:24:43,046 Thread-28 (print_stat) [INFO] my_logger: Gaming. total: 595.15 mbps. drop: 0.0 mbps. latency: 1195.19 ms. WF: 0.0 mbps. NR: 595.15 mbps
2024-07-15 16:24:43,049 Thread-28 (print_stat) [INFO] my_logger: HD_Video. total: 2691.6 mbps. drop: 0.0 mbps. latency: 1196.94 ms. WF: 0.0 mbps. NR: 2691.6 mbps
2024-07-15 16:24:43,050 Thread-28 (print_stat) [INFO] my_logger: WF. Browser. R: 0.0$. L: 0.0$. T: 0.0 mbps. Gaming. R: 0.0$. L: 0.0$. T: 0.0 mbps. HD_Video. R: 0.0$. L: 0.0$. T: 0.0 mbps|All. R: 0.0$. L: 0.0$. T: 0.0 mbps
2024-07-15 16:24:43,051 Thread-28 (print_stat) [INFO] my_logger: NR. Browser. R: 3.03$. L: 0.0$. T: 253.54 mbps. Gaming. R: 4.92$. L: 0.0$. T: 411.24 mbps. HD_Video. R: 67.19$. L: 0.0$. T: 1875.0 mbps|All. R: 7513.17$. L: 0.0$. T: 2539.78 mbps
2024-07-15 16:24:43,052 Thread-28 (print_stat) [INFO] my_logger: Queue. WF: 0.0. NR: 9.17. 
2024-07-15 16:24:43,052 Thread-28 (print_stat) [INFO] my_logger: ==================================================================================================================================================================================
2024-07-15 16:24:45,115 Thread-28 (print_stat) [INFO] my_logger: Browser. total: 356.97 mbps. drop: 0.0 mbps. latency: 1507.63 ms. WF: 0.0 mbps. NR: 356.76 mbps
2024-07-15 16:24:45,116 Thread-28 (print_stat) [INFO] my_logger: Gaming. total: 577.13 mbps. drop: 0.0 mbps. latency: 1507.6 ms. WF: 0.0 mbps. NR: 576.72 mbps
2024-07-15 16:24:45,119 Thread-28 (print_stat) [INFO] my_logger: HD_Video. total: 2627.4 mbps. drop: 0.0 mbps. latency: 1505.95 ms. WF: 0.0 mbps. NR: 2626.8 mbps
2024-07-15 16:24:45,120 Thread-28 (print_stat) [INFO] my_logger: WF. Browser. R: 0.0$. L: 0.0$. T: 0.0 mbps. Gaming. R: 0.0$. L: 0.0$. T: 0.0 mbps. HD_Video. R: 0.0$. L: 0.0$. T: 0.0 mbps|All. R: 0.0$. L: 0.0$. T: 0.0 mbps
2024-07-15 16:24:45,122 Thread-28 (print_stat) [INFO] my_logger: NR. Browser. R: 3.8$. L: 0.0$. T: 248.63 mbps. Gaming. R: 6.18$. L: 0.0$. T: 405.91 mbps. HD_Video. R: 84.37$. L: 0.0$. T: 1832.4 mbps|All. R: 9435.59$. L: 0.0$. T: 2486.94 mbps
2024-07-15 16:24:45,122 Thread-28 (print_stat) [INFO] my_logger: Queue. WF: 0.0. NR: 11.44. 
2024-07-15 16:24:45,123 Thread-28 (print_stat) [INFO] my_logger: =================================================================================================================================================================================
2024-07-15 16:24:45,145 MainThread [INFO] my_logger: Finish step. Queue WF: 0.0. NR: 11.46. . Total time: 10.01 s
2024-07-15 16:24:45,147 MainThread [INFO] my_logger: reward components. qos: -118.15 revenue: 1.0 queue: -1.13 cost: 0.0
2024-07-15 16:24:45,149 MainThread [INFO] my_logger: Max rev: 945432.4500000001, real rev: 945432.45, qos_violated: 3, queue_violated: 3, done: False, terminated: True, reward: -0.1814821580114373, retained: 1.0
2024-07-15 16:24:45,363 MainThread [INFO] my_logger: Episode episode_1. Iteration 6. Loss {'critic_loss': 4.3953557, 'actor_loss': 0.07363501}. Latency {'Browser': 886.1705524470375, 'Gaming': 885.7536019067848, 'HD_Video': 886.5329820198652}. Revenue: 945432.45$. Reward: -0.1814821580114373. Retained: 1.0
2024-07-15 16:24:45,370 MainThread [INFO] my_logger: sampled_actions. tf.Tensor([-0.60902655 -0.09703351 -0.75148845], shape=(3,), dtype=float32). noise [-0.28910788  0.43798684  0.40114969]
2024-07-15 16:24:45,371 MainThread [INFO] my_logger: state: tf.Tensor(
[[[2.21542638e+02 0.00000000e+00 2.43384320e-02 0.00000000e+00
   7.54050000e+00]
  [8.85753602e+01 0.00000000e+00 3.95755520e-02 0.00000000e+00
   7.54050000e+00]
  [4.43266491e+01 0.00000000e+00 1.79988000e-01 0.00000000e+00
   7.54050000e+00]]], shape=(1, 3, 5), dtype=float64)
2024-07-15 16:24:45,372 MainThread [INFO] my_logger: action: [0.         0.34095333 0.        ]
2024-07-15 16:24:45,372 MainThread [INFO] my_logger: Queue WF cleared
2024-07-15 16:24:45,396 MainThread [INFO] my_logger: Queue NR cleared
2024-07-15 16:24:47,237 Thread-28 (print_stat) [INFO] my_logger: Browser. total: 283.03 mbps. drop: 0.0 mbps. latency: 212.03 ms. WF: 0.0 mbps. NR: 282.62 mbps
2024-07-15 16:24:47,244 Thread-28 (print_stat) [INFO] my_logger: Gaming. total: 465.31 mbps. drop: 0.0 mbps. latency: 127.25 ms. WF: 156.06 mbps. NR: 308.43 mbps
2024-07-15 16:24:47,246 Thread-28 (print_stat) [INFO] my_logger: HD_Video. total: 2097.6 mbps. drop: 0.0 mbps. latency: 211.27 ms. WF: 0.0 mbps. NR: 2095.8 mbps
2024-07-15 16:24:47,249 Thread-28 (print_stat) [INFO] my_logger: WF. Browser. R: 0.0$. L: 0.0$. T: 0.0 mbps. Gaming. R: 0.49$. L: 0.0$. T: 156.06 mbps. HD_Video. R: 0.0$. L: 0.0$. T: 0.0 mbps|All. R: 0.0$. L: 0.0$. T: 156.06 mbps
2024-07-15 16:24:47,250 Thread-28 (print_stat) [INFO] my_logger: NR. Browser. R: 0.68$. L: 0.0$. T: 219.14 mbps. Gaming. R: 0.74$. L: 0.0$. T: 236.34 mbps. HD_Video. R: 15.27$. L: 0.0$. T: 1628.4 mbps|All. R: 1668.96$. L: 0.0$. T: 2083.88 mbps
2024-07-15 16:24:47,250 Thread-28 (print_stat) [INFO] my_logger: Queue. WF: 0.0. NR: 1.27. 
2024-07-15 16:24:47,251 Thread-28 (print_stat) [INFO] my_logger: ==================================================================================================================================================================================
2024-07-15 16:24:49,262 Thread-28 (print_stat) [INFO] my_logger: Browser. total: 333.82 mbps. drop: 0.0 mbps. latency: 438.77 ms. WF: 0.0 mbps. NR: 334.03 mbps
2024-07-15 16:24:49,267 Thread-28 (print_stat) [INFO] my_logger: Gaming. total: 541.9 mbps. drop: 0.0 mbps. latency: 262.39 ms. WF: 187.19 mbps. NR: 355.12 mbps
2024-07-15 16:24:49,270 Thread-28 (print_stat) [INFO] my_logger: HD_Video. total: 2467.8 mbps. drop: 0.0 mbps. latency: 437.83 ms. WF: 0.0 mbps. NR: 2467.8 mbps
2024-07-15 16:24:49,272 Thread-28 (print_stat) [INFO] my_logger: WF. Browser. R: 0.0$. L: 0.0$. T: 0.0 mbps. Gaming. R: 1.07$. L: 0.0$. T: 187.19 mbps. HD_Video. R: 0.0$. L: 0.0$. T: 0.0 mbps|All. R: 0.0$. L: 0.0$. T: 187.19 mbps
2024-07-15 16:24:49,272 Thread-28 (print_stat) [INFO] my_logger: NR. Browser. R: 1.49$. L: 0.0$. T: 258.25 mbps. Gaming. R: 1.61$. L: 0.0$. T: 279.35 mbps. HD_Video. R: 33.02$. L: 0.0$. T: 1894.2 mbps|All. R: 3612.77$. L: 0.0$. T: 2431.8 mbps
2024-07-15 16:24:49,273 Thread-28 (print_stat) [INFO] my_logger: Queue. WF: 0.0. NR: 2.78. 
2024-07-15 16:24:49,274 Thread-28 (print_stat) [INFO] my_logger: =================================================================================================================================================================================
2024-07-15 16:24:51,283 Thread-28 (print_stat) [INFO] my_logger: Browser. total: 344.27 mbps. drop: 0.0 mbps. latency: 652.39 ms. WF: 0.0 mbps. NR: 344.27 mbps
2024-07-15 16:24:51,285 Thread-28 (print_stat) [INFO] my_logger: Gaming. total: 552.55 mbps. drop: 0.0 mbps. latency: 394.73 ms. WF: 182.68 mbps. NR: 369.87 mbps
2024-07-15 16:24:51,287 Thread-28 (print_stat) [INFO] my_logger: HD_Video. total: 2529.0 mbps. drop: 0.0 mbps. latency: 652.38 ms. WF: 0.0 mbps. NR: 2529.0 mbps
2024-07-15 16:24:51,289 Thread-28 (print_stat) [INFO] my_logger: WF. Browser. R: 0.0$. L: 0.0$. T: 0.0 mbps. Gaming. R: 1.64$. L: 0.0$. T: 183.09 mbps. HD_Video. R: 0.0$. L: 0.0$. T: 0.0 mbps|All. R: 0.0$. L: 0.0$. T: 183.09 mbps
2024-07-15 16:24:51,290 Thread-28 (print_stat) [INFO] my_logger: NR. Browser. R: 2.32$. L: 0.0$. T: 265.01 mbps. Gaming. R: 2.51$. L: 0.0$. T: 287.95 mbps. HD_Video. R: 51.48$. L: 0.0$. T: 1968.6 mbps|All. R: 5631.14$. L: 0.0$. T: 2521.56 mbps
2024-07-15 16:24:51,291 Thread-28 (print_stat) [INFO] my_logger: Queue. WF: 0.0. NR: 4.3. 
2024-07-15 16:24:51,292 Thread-28 (print_stat) [INFO] my_logger: ==================================================================================================================================================================================
2024-07-15 16:24:53,304 Thread-28 (print_stat) [INFO] my_logger: Browser. total: 340.99 mbps. drop: 0.0 mbps. latency: 878.54 ms. WF: 0.0 mbps. NR: 340.99 mbps
2024-07-15 16:24:53,307 Thread-28 (print_stat) [INFO] my_logger: Gaming. total: 549.68 mbps. drop: 0.0 mbps. latency: 521.9 ms. WF: 197.43 mbps. NR: 351.85 mbps
2024-07-15 16:24:53,310 Thread-28 (print_stat) [INFO] my_logger: HD_Video. total: 2525.4 mbps. drop: 0.0 mbps. latency: 877.35 ms. WF: 0.0 mbps. NR: 2524.8 mbps
2024-07-15 16:24:53,310 Thread-28 (print_stat) [INFO] my_logger: WF. Browser. R: 0.0$. L: 0.0$. T: 0.0 mbps. Gaming. R: 2.26$. L: 0.0$. T: 197.02 mbps. HD_Video. R: 0.0$. L: 0.0$. T: 0.0 mbps|All. R: 0.0$. L: 0.0$. T: 197.02 mbps
2024-07-15 16:24:53,312 Thread-28 (print_stat) [INFO] my_logger: NR. Browser. R: 3.14$. L: 0.0$. T: 261.12 mbps. Gaming. R: 3.37$. L: 0.0$. T: 273.2 mbps. HD_Video. R: 69.44$. L: 0.0$. T: 1915.8 mbps|All. R: 7594.17$. L: 0.0$. T: 2450.12 mbps
2024-07-15 16:24:53,314 Thread-28 (print_stat) [INFO] my_logger: Queue. WF: 0.0. NR: 5.89. 
2024-07-15 16:24:53,317 Thread-28 (print_stat) [INFO] my_logger: =================================================================================================================================================================================
2024-07-15 16:24:55,326 Thread-28 (print_stat) [INFO] my_logger: Browser. total: 336.28 mbps. drop: 0.0 mbps. latency: 1111.34 ms. WF: 0.0 mbps. NR: 336.08 mbps
2024-07-15 16:24:55,329 Thread-28 (print_stat) [INFO] my_logger: Gaming. total: 546.82 mbps. drop: 0.0 mbps. latency: 656.05 ms. WF: 192.1 mbps. NR: 354.71 mbps
2024-07-15 16:24:55,331 Thread-28 (print_stat) [INFO] my_logger: HD_Video. total: 2487.0 mbps. drop: 0.0 mbps. latency: 1111.12 ms. WF: 0.0 mbps. NR: 2487.0 mbps
2024-07-15 16:24:55,331 Thread-28 (print_stat) [INFO] my_logger: WF. Browser. R: 0.0$. L: 0.0$. T: 0.0 mbps. Gaming. R: 2.86$. L: 0.0$. T: 192.1 mbps. HD_Video. R: 0.0$. L: 0.0$. T: 0.0 mbps|All. R: 0.0$. L: 0.0$. T: 192.1 mbps
2024-07-15 16:24:55,332 Thread-28 (print_stat) [INFO] my_logger: NR. Browser. R: 3.96$. L: 0.0$. T: 264.4 mbps. Gaming. R: 4.22$. L: 0.0$. T: 274.02 mbps. HD_Video. R: 87.77$. L: 0.0$. T: 1955.4 mbps|All. R: 9595.62$. L: 0.0$. T: 2493.82 mbps
2024-07-15 16:24:55,333 Thread-28 (print_stat) [INFO] my_logger: Queue. WF: 0.0. NR: 7.33. 
2024-07-15 16:24:55,334 Thread-28 (print_stat) [INFO] my_logger: =================================================================================================================================================================================
2024-07-15 16:24:55,402 MainThread [INFO] my_logger: Finish step. Queue WF: 0.0. NR: 7.39. . Total time: 10.0 s
2024-07-15 16:24:55,404 MainThread [INFO] my_logger: reward components. qos: -78.93 revenue: 0.97 queue: -0.72 cost: 0.34
2024-07-15 16:24:55,405 MainThread [INFO] my_logger: Max rev: 995605.95, real rev: 966793.15, qos_violated: 3, queue_violated: 3, done: False, terminated: False, reward: 0.18138824702159884, retained: 0.97
2024-07-15 16:24:55,618 MainThread [INFO] my_logger: Episode episode_1. Iteration 7. Loss {'critic_loss': 0.67417973, 'actor_loss': 0.08332765}. Latency {'Browser': 658.6140630310449, 'Gaming': 392.46297601836466, 'HD_Video': 657.9887488199765}. Revenue: 966793.15$. Reward: 0.18138824702159884. Retained: 0.97
2024-07-15 16:24:55,624 MainThread [INFO] my_logger: sampled_actions. tf.Tensor([-2.0128202 -0.8408775 -2.681563 ], shape=(3,), dtype=float32). noise [-0.15262741  0.17211143  0.43989289]
2024-07-15 16:24:55,626 MainThread [INFO] my_logger: state: tf.Tensor(
[[[1.64653516e+02 0.00000000e+00 2.53583360e-02 1.66666667e-04
   4.82550000e+00]
  [3.92462976e+01 3.05152000e-02 2.70172160e-02 1.66666667e-04
   4.82550000e+00]
  [3.28994374e+01 0.00000000e+00 1.87248000e-01 1.66666667e-04
   4.82550000e+00]]], shape=(1, 3, 5), dtype=float64)
2024-07-15 16:24:55,627 MainThread [INFO] my_logger: action: [0. 0. 0.]
2024-07-15 16:24:55,627 MainThread [INFO] my_logger: Queue WF cleared
2024-07-15 16:24:55,643 MainThread [INFO] my_logger: Queue NR cleared
2024-07-15 16:24:57,449 Thread-28 (print_stat) [INFO] my_logger: Browser. total: 303.92 mbps. drop: 0.0 mbps. latency: 254.48 ms. WF: 0.0 mbps. NR: 303.72 mbps
2024-07-15 16:24:57,453 Thread-28 (print_stat) [INFO] my_logger: Gaming. total: 488.65 mbps. drop: 0.0 mbps. latency: 254.26 ms. WF: 0.0 mbps. NR: 488.65 mbps
2024-07-15 16:24:57,457 Thread-28 (print_stat) [INFO] my_logger: HD_Video. total: 2236.8 mbps. drop: 0.0 mbps. latency: 254.44 ms. WF: 0.0 mbps. NR: 2235.6 mbps
2024-07-15 16:24:57,460 Thread-28 (print_stat) [INFO] my_logger: WF. Browser. R: 0.0$. L: 0.0$. T: 0.0 mbps. Gaming. R: 0.0$. L: 0.0$. T: 0.0 mbps. HD_Video. R: 0.0$. L: 0.0$. T: 0.0 mbps|All. R: 0.0$. L: 0.0$. T: 0.0 mbps
2024-07-15 16:24:57,463 Thread-28 (print_stat) [INFO] my_logger: NR. Browser. R: 0.67$. L: 0.0$. T: 215.04 mbps. Gaming. R: 1.08$. L: 0.0$. T: 344.06 mbps. HD_Video. R: 14.8$. L: 0.0$. T: 1578.6 mbps|All. R: 1654.66$. L: 0.0$. T: 2137.7 mbps
2024-07-15 16:24:57,466 Thread-28 (print_stat) [INFO] my_logger: Queue. WF: 0.0. NR: 1.89. 
2024-07-15 16:24:57,467 Thread-28 (print_stat) [INFO] my_logger: ================================================================================================================================================================================
2024-07-15 16:24:59,478 Thread-28 (print_stat) [INFO] my_logger: Browser. total: 351.03 mbps. drop: 0.0 mbps. latency: 568.57 ms. WF: 0.0 mbps. NR: 351.03 mbps
2024-07-15 16:24:59,481 Thread-28 (print_stat) [INFO] my_logger: Gaming. total: 570.16 mbps. drop: 0.0 mbps. latency: 571.52 ms. WF: 0.0 mbps. NR: 569.34 mbps
2024-07-15 16:24:59,482 Thread-28 (print_stat) [INFO] my_logger: HD_Video. total: 2591.4 mbps. drop: 0.0 mbps. latency: 569.68 ms. WF: 0.0 mbps. NR: 2589.6 mbps
2024-07-15 16:24:59,483 Thread-28 (print_stat) [INFO] my_logger: WF. Browser. R: 0.0$. L: 0.0$. T: 0.0 mbps. Gaming. R: 0.0$. L: 0.0$. T: 0.0 mbps. HD_Video. R: 0.0$. L: 0.0$. T: 0.0 mbps|All. R: 0.0$. L: 0.0$. T: 0.0 mbps
2024-07-15 16:24:59,484 Thread-28 (print_stat) [INFO] my_logger: NR. Browser. R: 1.42$. L: 0.0$. T: 240.44 mbps. Gaming. R: 2.3$. L: 0.0$. T: 392.4 mbps. HD_Video. R: 31.44$. L: 0.0$. T: 1774.8 mbps|All. R: 3516.29$. L: 0.0$. T: 2407.63 mbps
2024-07-15 16:24:59,485 Thread-28 (print_stat) [INFO] my_logger: Queue. WF: 0.0. NR: 4.21. 
2024-07-15 16:24:59,486 Thread-28 (print_stat) [INFO] my_logger: ================================================================================================================================================================================
2024-07-15 16:25:01,498 Thread-28 (print_stat) [INFO] my_logger: Browser. total: 366.8 mbps. drop: 0.0 mbps. latency: 870.52 ms. WF: 0.0 mbps. NR: 367.0 mbps
2024-07-15 16:25:01,500 Thread-28 (print_stat) [INFO] my_logger: Gaming. total: 595.56 mbps. drop: 0.0 mbps. latency: 873.59 ms. WF: 0.0 mbps. NR: 596.38 mbps
2024-07-15 16:25:01,502 Thread-28 (print_stat) [INFO] my_logger: HD_Video. total: 2697.6 mbps. drop: 0.0 mbps. latency: 873.18 ms. WF: 0.0 mbps. NR: 2698.8 mbps
2024-07-15 16:25:01,503 Thread-28 (print_stat) [INFO] my_logger: WF. Browser. R: 0.0$. L: 0.0$. T: 0.0 mbps. Gaming. R: 0.0$. L: 0.0$. T: 0.0 mbps. HD_Video. R: 0.0$. L: 0.0$. T: 0.0 mbps|All. R: 0.0$. L: 0.0$. T: 0.0 mbps
2024-07-15 16:25:01,504 Thread-28 (print_stat) [INFO] my_logger: NR. Browser. R: 2.21$. L: 0.0$. T: 251.49 mbps. Gaming. R: 3.58$. L: 0.0$. T: 408.37 mbps. HD_Video. R: 48.9$. L: 0.0$. T: 1862.4 mbps|All. R: 5468.5$. L: 0.0$. T: 2522.27 mbps
2024-07-15 16:25:01,505 Thread-28 (print_stat) [INFO] my_logger: Queue. WF: 0.0. NR: 6.63. 
2024-07-15 16:25:01,506 Thread-28 (print_stat) [INFO] my_logger: ================================================================================================================================================================================
2024-07-15 16:25:03,516 Thread-28 (print_stat) [INFO] my_logger: Browser. total: 356.15 mbps. drop: 0.0 mbps. latency: 1178.78 ms. WF: 0.0 mbps. NR: 356.15 mbps
2024-07-15 16:25:03,518 Thread-28 (print_stat) [INFO] my_logger: Gaming. total: 572.21 mbps. drop: 0.0 mbps. latency: 1180.05 ms. WF: 0.0 mbps. NR: 571.39 mbps
2024-07-15 16:25:03,523 Thread-28 (print_stat) [INFO] my_logger: HD_Video. total: 2589.6 mbps. drop: 0.0 mbps. latency: 1179.2 ms. WF: 0.0 mbps. NR: 2589.6 mbps
2024-07-15 16:25:03,524 Thread-28 (print_stat) [INFO] my_logger: WF. Browser. R: 0.0$. L: 0.0$. T: 0.0 mbps. Gaming. R: 0.0$. L: 0.0$. T: 0.0 mbps. HD_Video. R: 0.0$. L: 0.0$. T: 0.0 mbps|All. R: 0.0$. L: 0.0$. T: 0.0 mbps
2024-07-15 16:25:03,526 Thread-28 (print_stat) [INFO] my_logger: NR. Browser. R: 2.99$. L: 0.0$. T: 249.04 mbps. Gaming. R: 4.83$. L: 0.0$. T: 401.82 mbps. HD_Video. R: 65.95$. L: 0.0$. T: 1819.2 mbps|All. R: 7377.39$. L: 0.0$. T: 2470.05 mbps
2024-07-15 16:25:03,527 Thread-28 (print_stat) [INFO] my_logger: Queue. WF: 0.0. NR: 8.86. 
2024-07-15 16:25:03,528 Thread-28 (print_stat) [INFO] my_logger: ==================================================================================================================================================================================
2024-07-15 16:25:05,537 Thread-28 (print_stat) [INFO] my_logger: Browser. total: 367.21 mbps. drop: 0.0 mbps. latency: 1496.22 ms. WF: 0.0 mbps. NR: 367.0 mbps
2024-07-15 16:25:05,541 Thread-28 (print_stat) [INFO] my_logger: Gaming. total: 587.37 mbps. drop: 0.0 mbps. latency: 1498.37 ms. WF: 0.0 mbps. NR: 587.37 mbps
2024-07-15 16:25:05,544 Thread-28 (print_stat) [INFO] my_logger: HD_Video. total: 2689.8 mbps. drop: 0.0 mbps. latency: 1495.16 ms. WF: 0.0 mbps. NR: 2689.2 mbps
2024-07-15 16:25:05,546 Thread-28 (print_stat) [INFO] my_logger: WF. Browser. R: 0.0$. L: 0.0$. T: 0.0 mbps. Gaming. R: 0.0$. L: 0.0$. T: 0.0 mbps. HD_Video. R: 0.0$. L: 0.0$. T: 0.0 mbps|All. R: 0.0$. L: 0.0$. T: 0.0 mbps
2024-07-15 16:25:05,547 Thread-28 (print_stat) [INFO] my_logger: NR. Browser. R: 3.78$. L: 0.0$. T: 254.36 mbps. Gaming. R: 6.13$. L: 0.0$. T: 414.11 mbps. HD_Video. R: 83.41$. L: 0.0$. T: 1861.8 mbps|All. R: 9332.29$. L: 0.0$. T: 2530.27 mbps
2024-07-15 16:25:05,548 Thread-28 (print_stat) [INFO] my_logger: Queue. WF: 0.0. NR: 11.21. 
2024-07-15 16:25:05,550 Thread-28 (print_stat) [INFO] my_logger: ==================================================================================================================================================================================
2024-07-15 16:25:05,651 MainThread [INFO] my_logger: Finish step. Queue WF: 0.0. NR: 11.3. . Total time: 10.01 s
2024-07-15 16:25:05,653 MainThread [INFO] my_logger: reward components. qos: -116.57 revenue: 1.0 queue: -1.1 cost: 0.0
2024-07-15 16:25:05,654 MainThread [INFO] my_logger: Max rev: 943305.4, real rev: 943305.4, qos_violated: 3, queue_violated: 3, done: False, terminated: True, reward: -0.1656701263571072, retained: 1.0
2024-07-15 16:25:05,865 MainThread [INFO] my_logger: Episode episode_1. Iteration 8. Loss {'critic_loss': 0.14954837, 'actor_loss': 0.092643425}. Latency {'Browser': 873.7145716142295, 'Gaming': 875.5569212786191, 'HD_Video': 874.3340575142578}. Revenue: 943305.4$. Reward: -0.1656701263571072. Retained: 1.0
2024-07-15 16:25:05,871 MainThread [INFO] my_logger: sampled_actions. tf.Tensor([-0.54046303  0.07221808 -0.81882054], shape=(3,), dtype=float32). noise [-0.14001848 -0.05071143  0.41884775]
2024-07-15 16:25:05,872 MainThread [INFO] my_logger: state: tf.Tensor(
[[[2.18428643e+02 0.00000000e+00 2.42073600e-02 0.00000000e+00
   7.35066667e+00]
  [8.75556921e+01 0.00000000e+00 3.92151040e-02 0.00000000e+00
   7.35066667e+00]
  [4.37167029e+01 0.00000000e+00 1.77936000e-01 0.00000000e+00
   7.35066667e+00]]], shape=(1, 3, 5), dtype=float64)
2024-07-15 16:25:05,873 MainThread [INFO] my_logger: action: [0.         0.02150666 0.        ]
2024-07-15 16:25:05,874 MainThread [INFO] my_logger: Queue WF cleared
2024-07-15 16:25:05,898 MainThread [INFO] my_logger: Queue NR cleared
2024-07-15 16:25:07,688 Thread-28 (print_stat) [INFO] my_logger: Browser. total: 278.53 mbps. drop: 0.0 mbps. latency: 269.07 ms. WF: 0.0 mbps. NR: 278.32 mbps
2024-07-15 16:25:07,704 Thread-28 (print_stat) [INFO] my_logger: Gaming. total: 457.93 mbps. drop: 0.0 mbps. latency: 263.83 ms. WF: 10.65 mbps. NR: 446.87 mbps
2024-07-15 16:25:07,719 Thread-28 (print_stat) [INFO] my_logger: HD_Video. total: 2073.0 mbps. drop: 0.0 mbps. latency: 273.77 ms. WF: 0.0 mbps. NR: 2071.2 mbps
2024-07-15 16:25:07,729 Thread-28 (print_stat) [INFO] my_logger: WF. Browser. R: 0.0$. L: 0.0$. T: 0.0 mbps. Gaming. R: 0.03$. L: 0.0$. T: 10.65 mbps. HD_Video. R: 0.0$. L: 0.0$. T: 0.0 mbps|All. R: 0.0$. L: 0.0$. T: 10.65 mbps
2024-07-15 16:25:07,747 Thread-28 (print_stat) [INFO] my_logger: NR. Browser. R: 0.63$. L: 0.0$. T: 200.91 mbps. Gaming. R: 0.99$. L: 0.0$. T: 317.44 mbps. HD_Video. R: 13.79$. L: 0.0$. T: 1471.2 mbps|All. R: 1541.23$. L: 0.0$. T: 1989.55 mbps
2024-07-15 16:25:07,761 Thread-28 (print_stat) [INFO] my_logger: Queue. WF: 0.0. NR: 1.77. 
2024-07-15 16:25:07,777 Thread-28 (print_stat) [INFO] my_logger: ==================================================================================================================================================================================
2024-07-15 16:25:09,821 Thread-28 (print_stat) [INFO] my_logger: Browser. total: 321.54 mbps. drop: 0.0 mbps. latency: 620.13 ms. WF: 0.0 mbps. NR: 321.54 mbps
2024-07-15 16:25:09,823 Thread-28 (print_stat) [INFO] my_logger: Gaming. total: 523.88 mbps. drop: 0.0 mbps. latency: 607.83 ms. WF: 9.01 mbps. NR: 514.46 mbps
2024-07-15 16:25:09,827 Thread-28 (print_stat) [INFO] my_logger: HD_Video. total: 2364.6 mbps. drop: 0.0 mbps. latency: 622.06 ms. WF: 0.0 mbps. NR: 2365.2 mbps
2024-07-15 16:25:09,829 Thread-28 (print_stat) [INFO] my_logger: WF. Browser. R: 0.0$. L: 0.0$. T: 0.0 mbps. Gaming. R: 0.06$. L: 0.0$. T: 9.01 mbps. HD_Video. R: 0.0$. L: 0.0$. T: 0.0 mbps|All. R: 0.0$. L: 0.0$. T: 9.01 mbps
2024-07-15 16:25:09,830 Thread-28 (print_stat) [INFO] my_logger: NR. Browser. R: 1.32$. L: 0.0$. T: 220.16 mbps. Gaming. R: 2.11$. L: 0.0$. T: 357.99 mbps. HD_Video. R: 29.11$. L: 0.0$. T: 1633.8 mbps|All. R: 3253.59$. L: 0.0$. T: 2211.95 mbps
2024-07-15 16:25:09,833 Thread-28 (print_stat) [INFO] my_logger: Queue. WF: 0.0. NR: 3.8. 
2024-07-15 16:25:09,835 Thread-28 (print_stat) [INFO] my_logger: ==================================================================================================================================================================================
2024-07-15 16:25:11,844 Thread-28 (print_stat) [INFO] my_logger: Browser. total: 352.46 mbps. drop: 0.0 mbps. latency: 878.48 ms. WF: 0.0 mbps. NR: 352.67 mbps
2024-07-15 16:25:11,848 Thread-28 (print_stat) [INFO] my_logger: Gaming. total: 571.8 mbps. drop: 0.0 mbps. latency: 855.88 ms. WF: 13.93 mbps. NR: 557.88 mbps
2024-07-15 16:25:11,850 Thread-28 (print_stat) [INFO] my_logger: HD_Video. total: 2594.4 mbps. drop: 0.0 mbps. latency: 880.33 ms. WF: 0.0 mbps. NR: 2593.2 mbps
2024-07-15 16:25:11,851 Thread-28 (print_stat) [INFO] my_logger: WF. Browser. R: 0.0$. L: 0.0$. T: 0.0 mbps. Gaming. R: 0.1$. L: 0.0$. T: 13.93 mbps. HD_Video. R: 0.0$. L: 0.0$. T: 0.0 mbps|All. R: 0.0$. L: 0.0$. T: 13.93 mbps
2024-07-15 16:25:11,852 Thread-28 (print_stat) [INFO] my_logger: NR. Browser. R: 2.09$. L: 0.0$. T: 246.37 mbps. Gaming. R: 3.35$. L: 0.0$. T: 396.08 mbps. HD_Video. R: 46.19$. L: 0.0$. T: 1822.2 mbps|All. R: 5162.67$. L: 0.0$. T: 2464.66 mbps
2024-07-15 16:25:11,853 Thread-28 (print_stat) [INFO] my_logger: Queue. WF: 0.0. NR: 5.99. 
2024-07-15 16:25:11,854 Thread-28 (print_stat) [INFO] my_logger: ==================================================================================================================================================================================
2024-07-15 16:25:13,867 Thread-28 (print_stat) [INFO] my_logger: Browser. total: 334.85 mbps. drop: 0.0 mbps. latency: 1164.67 ms. WF: 0.0 mbps. NR: 334.64 mbps
2024-07-15 16:25:13,869 Thread-28 (print_stat) [INFO] my_logger: Gaming. total: 541.9 mbps. drop: 0.0 mbps. latency: 1129.41 ms. WF: 10.65 mbps. NR: 531.25 mbps
2024-07-15 16:25:13,873 Thread-28 (print_stat) [INFO] my_logger: HD_Video. total: 2455.2 mbps. drop: 0.0 mbps. latency: 1165.87 ms. WF: 0.0 mbps. NR: 2454.6 mbps
2024-07-15 16:25:13,875 Thread-28 (print_stat) [INFO] my_logger: WF. Browser. R: 0.0$. L: 0.0$. T: 0.0 mbps. Gaming. R: 0.14$. L: 0.0$. T: 10.65 mbps. HD_Video. R: 0.0$. L: 0.0$. T: 0.0 mbps|All. R: 0.0$. L: 0.0$. T: 10.65 mbps
2024-07-15 16:25:13,877 Thread-28 (print_stat) [INFO] my_logger: NR. Browser. R: 2.83$. L: 0.0$. T: 238.8 mbps. Gaming. R: 4.53$. L: 0.0$. T: 377.24 mbps. HD_Video. R: 62.71$. L: 0.0$. T: 1761.6 mbps|All. R: 7006.69$. L: 0.0$. T: 2377.64 mbps
2024-07-15 16:25:13,877 Thread-28 (print_stat) [INFO] my_logger: Queue. WF: 0.0. NR: 8.0. 
2024-07-15 16:25:13,879 Thread-28 (print_stat) [INFO] my_logger: =================================================================================================================================================================================
2024-07-15 16:25:15,886 Thread-28 (print_stat) [INFO] my_logger: Browser. total: 360.24 mbps. drop: 0.0 mbps. latency: 1470.6 ms. WF: 0.0 mbps. NR: 360.24 mbps
2024-07-15 16:25:15,888 Thread-28 (print_stat) [INFO] my_logger: Gaming. total: 578.76 mbps. drop: 0.0 mbps. latency: 1418.75 ms. WF: 12.29 mbps. NR: 566.89 mbps
2024-07-15 16:25:15,891 Thread-28 (print_stat) [INFO] my_logger: HD_Video. total: 2645.4 mbps. drop: 0.0 mbps. latency: 1468.54 ms. WF: 0.0 mbps. NR: 2647.2 mbps
2024-07-15 16:25:15,892 Thread-28 (print_stat) [INFO] my_logger: WF. Browser. R: 0.0$. L: 0.0$. T: 0.0 mbps. Gaming. R: 0.18$. L: 0.0$. T: 12.29 mbps. HD_Video. R: 0.0$. L: 0.0$. T: 0.0 mbps|All. R: 0.0$. L: 0.0$. T: 12.29 mbps
2024-07-15 16:25:15,894 Thread-28 (print_stat) [INFO] my_logger: NR. Browser. R: 3.64$. L: 0.0$. T: 257.43 mbps. Gaming. R: 5.77$. L: 0.0$. T: 398.13 mbps. HD_Video. R: 80.34$. L: 0.0$. T: 1880.4 mbps|All. R: 8974.49$. L: 0.0$. T: 2535.96 mbps
2024-07-15 16:25:15,894 Thread-28 (print_stat) [INFO] my_logger: Queue. WF: 0.0. NR: 10.18. 
2024-07-15 16:25:15,895 Thread-28 (print_stat) [INFO] my_logger: ==================================================================================================================================================================================
2024-07-15 16:25:15,907 MainThread [INFO] my_logger: Finish step. Queue WF: 0.0. NR: 10.2. . Total time: 10.01 s
2024-07-15 16:25:15,909 MainThread [INFO] my_logger: reward components. qos: -116.59 revenue: 1.0 queue: -1.0 cost: 0.02
2024-07-15 16:25:15,910 MainThread [INFO] my_logger: Max rev: 900105.2, real rev: 898338.8, qos_violated: 3, queue_violated: 3, done: False, terminated: True, reward: -0.16787320683187726, retained: 1.0
2024-07-15 16:25:16,138 MainThread [INFO] my_logger: Episode episode_1. Iteration 9. Loss {'critic_loss': 0.78468907, 'actor_loss': 0.10045117}. Latency {'Browser': 880.5883781466537, 'Gaming': 855.1412749760808, 'HD_Video': 882.1111366857082}. Revenue: 898338.8$. Reward: -0.16787320683187726. Retained: 1.0
2024-07-15 16:25:16,144 MainThread [INFO] my_logger: sampled_actions. tf.Tensor([-0.5903808   0.10240262 -0.9162251 ], shape=(3,), dtype=float32). noise [-0.3814878  -0.02086732  0.46433674]
2024-07-15 16:25:16,146 MainThread [INFO] my_logger: state: tf.Tensor(
[[[2.20147095e+02 0.00000000e+00 2.32734720e-02 1.66666667e-04
   6.65633333e+00]
  [8.55141275e+01 1.88416000e-03 3.69377280e-02 1.66666667e-04
   6.65633333e+00]
  [4.41055568e+01 0.00000000e+00 1.71384000e-01 1.66666667e-04
   6.65633333e+00]]], shape=(1, 3, 5), dtype=float64)
2024-07-15 16:25:16,146 MainThread [INFO] my_logger: action: [0.        0.0815353 0.       ]
2024-07-15 16:25:16,147 MainThread [INFO] my_logger: Queue WF cleared
2024-07-15 16:25:16,169 MainThread [INFO] my_logger: Queue NR cleared
2024-07-15 16:25:18,007 Thread-28 (print_stat) [INFO] my_logger: Browser. total: 307.2 mbps. drop: 0.0 mbps. latency: 257.39 ms. WF: 0.0 mbps. NR: 307.0 mbps
2024-07-15 16:25:18,009 Thread-28 (print_stat) [INFO] my_logger: Gaming. total: 500.94 mbps. drop: 0.0 mbps. latency: 230.4 ms. WF: 38.5 mbps. NR: 461.62 mbps
2024-07-15 16:25:18,011 Thread-28 (print_stat) [INFO] my_logger: HD_Video. total: 2270.4 mbps. drop: 0.0 mbps. latency: 256.86 ms. WF: 0.0 mbps. NR: 2267.4 mbps
2024-07-15 16:25:18,012 Thread-28 (print_stat) [INFO] my_logger: WF. Browser. R: 0.0$. L: 0.0$. T: 0.0 mbps. Gaming. R: 0.12$. L: 0.0$. T: 38.5 mbps. HD_Video. R: 0.0$. L: 0.0$. T: 0.0 mbps|All. R: 0.0$. L: 0.0$. T: 38.5 mbps
2024-07-15 16:25:18,013 Thread-28 (print_stat) [INFO] my_logger: NR. Browser. R: 0.68$. L: 0.0$. T: 216.47 mbps. Gaming. R: 1.02$. L: 0.0$. T: 325.22 mbps. HD_Video. R: 15.01$. L: 0.0$. T: 1600.8 mbps|All. R: 1670.09$. L: 0.0$. T: 2142.5 mbps
2024-07-15 16:25:18,014 Thread-28 (print_stat) [INFO] my_logger: Queue. WF: 0.0. NR: 1.89. 
2024-07-15 16:25:18,016 Thread-28 (print_stat) [INFO] my_logger: =================================================================================================================================================================================
